2021-10-11 23:55:19 [ ClassPathScanningCandidateComponentProvider.java:435 ] - [ DEBUG ] Identified candidate component class: file [/Users/yiche/Code/JAVA/yzhou/rpc/yz-rpc/rpc-core/target/classes/com/yzhou/rpc/core/remoting/transport/netty/server/NettyRpcServer.class]
2021-10-11 23:55:19 [ ClassPathScanningCandidateComponentProvider.java:435 ] - [ DEBUG ] Identified candidate component class: file [/Users/yiche/Code/JAVA/yzhou/rpc/yz-rpc/rpc-core/target/classes/com/yzhou/rpc/core/spring/SpringBeanPostProcessor.class]
2021-10-11 23:55:19 [ ClassPathScanningCandidateComponentProvider.java:435 ] - [ DEBUG ] Identified candidate component class: file [/Users/yiche/Code/JAVA/yzhou/rpc/yz-rpc/rpc-example/example-server/target/classes/com/yzhou/rpc/example/server/impl/HelloServiceImpl.class]
2021-10-11 23:55:19 [ ClassPathScanningCandidateComponentProvider.java:435 ] - [ DEBUG ] Identified candidate component class: file [/Users/yiche/Code/JAVA/yzhou/rpc/yz-rpc/rpc-core/target/classes/com/yzhou/rpc/core/remoting/transport/netty/server/NettyRpcServer.class]
2021-10-11 23:55:19 [ ClassPathScanningCandidateComponentProvider.java:435 ] - [ DEBUG ] Identified candidate component class: file [/Users/yiche/Code/JAVA/yzhou/rpc/yz-rpc/rpc-core/target/classes/com/yzhou/rpc/core/spring/SpringBeanPostProcessor.class]
2021-10-11 23:55:19 [ InternalLoggerFactory.java:63 ] - [ DEBUG ] Using SLF4J as the default logging framework
2021-10-11 23:55:19 [ MultithreadEventLoopGroup.java:44 ] - [ DEBUG ] -Dio.netty.eventLoopThreads: 16
2021-10-11 23:55:19 [ InternalThreadLocalMap.java:83 ] - [ DEBUG ] -Dio.netty.threadLocalMap.stringBuilder.initialSize: 1024
2021-10-11 23:55:19 [ InternalThreadLocalMap.java:86 ] - [ DEBUG ] -Dio.netty.threadLocalMap.stringBuilder.maxSize: 4096
2021-10-11 23:55:19 [ NioEventLoop.java:106 ] - [ DEBUG ] -Dio.netty.noKeySetOptimization: false
2021-10-11 23:55:19 [ NioEventLoop.java:107 ] - [ DEBUG ] -Dio.netty.selectorAutoRebuildThreshold: 512
2021-10-11 23:55:19 [ PlatformDependent0.java:460 ] - [ DEBUG ] -Dio.netty.noUnsafe: false
2021-10-11 23:55:19 [ PlatformDependent0.java:954 ] - [ DEBUG ] Java version: 8
2021-10-11 23:55:19 [ PlatformDependent0.java:135 ] - [ DEBUG ] sun.misc.Unsafe.theUnsafe: available
2021-10-11 23:55:19 [ PlatformDependent0.java:159 ] - [ DEBUG ] sun.misc.Unsafe.copyMemory: available
2021-10-11 23:55:19 [ PlatformDependent0.java:202 ] - [ DEBUG ] java.nio.Buffer.address: available
2021-10-11 23:55:19 [ PlatformDependent0.java:272 ] - [ DEBUG ] direct buffer constructor: available
2021-10-11 23:55:19 [ PlatformDependent0.java:350 ] - [ DEBUG ] java.nio.Bits.unaligned: available, true
2021-10-11 23:55:19 [ PlatformDependent0.java:424 ] - [ DEBUG ] jdk.internal.misc.Unsafe.allocateUninitializedArray(int): unavailable prior to Java9
2021-10-11 23:55:19 [ PlatformDependent0.java:446 ] - [ DEBUG ] java.nio.DirectByteBuffer.<init>(long, int): available
2021-10-11 23:55:19 [ PlatformDependent.java:1103 ] - [ DEBUG ] sun.misc.Unsafe: available
2021-10-11 23:55:19 [ PlatformDependent.java:1224 ] - [ DEBUG ] -Dio.netty.tmpdir: /var/folders/d5/tbfhd6q17j5fd9xprm9r38hh0000gn/T (java.io.tmpdir)
2021-10-11 23:55:19 [ PlatformDependent.java:1303 ] - [ DEBUG ] -Dio.netty.bitMode: 64 (sun.arch.data.model)
2021-10-11 23:55:19 [ PlatformDependent.java:1071 ] - [ DEBUG ] Platform: MacOS
2021-10-11 23:55:19 [ PlatformDependent.java:178 ] - [ DEBUG ] -Dio.netty.maxDirectMemory: 3817865216 bytes
2021-10-11 23:55:19 [ PlatformDependent.java:185 ] - [ DEBUG ] -Dio.netty.uninitializedArrayAllocationThreshold: -1
2021-10-11 23:55:19 [ CleanerJava6.java:92 ] - [ DEBUG ] java.nio.ByteBuffer.cleaner(): available
2021-10-11 23:55:19 [ PlatformDependent.java:205 ] - [ DEBUG ] -Dio.netty.noPreferDirect: false
2021-10-11 23:55:19 [ PlatformDependent.java:967 ] - [ DEBUG ] org.jctools-core.MpscChunkedArrayQueue: available
2021-10-11 23:55:19 [ CuratorZookeeperClient.java:230 ] - [ DEBUG ] Starting
2021-10-11 23:55:19 [ ConnectionState.java:109 ] - [ DEBUG ] Starting
2021-10-11 23:55:19 [ ConnectionState.java:197 ] - [ DEBUG ] reset
2021-10-11 23:55:19 [ ClientCnxn.java:1015 ] - [ DEBUG ] Session establishment request sent on 127.0.0.1/127.0.0.1:2181
2021-10-11 23:55:19 [ ConnectionState.java:177 ] - [ DEBUG ] Negotiated session timeout: 40000
2021-10-11 23:55:19 [ CuratorFrameworkImpl.java:1022 ] - [ DEBUG ] Clearing sleep for 1 operations
2021-10-11 23:55:19 [ ClientCnxn.java:911 ] - [ DEBUG ] Reading reply sessionid:0x10000004e44000c, packet:: clientPath:/zookeeper/config serverPath:/zookeeper/config finished:false header:: 1,4  replyHeader:: 1,62056,0  request:: '/zookeeper/config,T  response:: ,s{0,0,0,0,0,0,-1,0,0,0,0} 
2021-10-11 23:55:19 [ ClientCnxn.java:911 ] - [ DEBUG ] Reading reply sessionid:0x10000004e44000c, packet:: clientPath:/zookeeper/config serverPath:/zookeeper/config finished:false header:: 2,4  replyHeader:: 2,62056,0  request:: '/zookeeper/config,T  response:: ,s{0,0,0,0,0,0,-1,0,0,0,0} 
2021-10-11 23:55:19 [ EnsembleTracker.java:219 ] - [ DEBUG ] Ignoring new config as it is empty
2021-10-11 23:55:19 [ EnsembleTracker.java:219 ] - [ DEBUG ] Ignoring new config as it is empty
2021-10-11 23:55:19 [ ClientCnxn.java:911 ] - [ DEBUG ] Reading reply sessionid:0x10000004e44000c, packet:: clientPath:null serverPath:null finished:false header:: 3,3  replyHeader:: 3,62056,-101  request:: '/my-rpc/com.yzhou.rpc.example.api.HelloServicetest1version1/10.1.1.155:9998,F  response::  
2021-10-11 23:55:19 [ ClientCnxn.java:911 ] - [ DEBUG ] Reading reply sessionid:0x10000004e44000c, packet:: clientPath:null serverPath:null finished:false header:: 4,15  replyHeader:: 4,62057,0  request:: '/my-rpc/com.yzhou.rpc.example.api.HelloServicetest1version1/10.1.1.155:9998,#31302e312e312e313535,v{s{31,s{'world,'anyone}}},0  response:: '/my-rpc/com.yzhou.rpc.example.api.HelloServicetest1version1/10.1.1.155:9998,s{62057,62057,1633967719915,1633967719915,0,0,0,0,10,0,62057} 
2021-10-11 23:55:19 [ ClientCnxn.java:911 ] - [ DEBUG ] Reading reply sessionid:0x10000004e44000c, packet:: clientPath:null serverPath:null finished:false header:: 5,3  replyHeader:: 5,62057,-101  request:: '/my-rpc/com.yzhou.rpc.example.api.HelloServicetest2version2/10.1.1.155:9998,F  response::  
2021-10-11 23:55:19 [ ClientCnxn.java:911 ] - [ DEBUG ] Reading reply sessionid:0x10000004e44000c, packet:: clientPath:null serverPath:null finished:false header:: 6,15  replyHeader:: 6,62058,0  request:: '/my-rpc/com.yzhou.rpc.example.api.HelloServicetest2version2/10.1.1.155:9998,#31302e312e312e313535,v{s{31,s{'world,'anyone}}},0  response:: '/my-rpc/com.yzhou.rpc.example.api.HelloServicetest2version2/10.1.1.155:9998,s{62058,62058,1633967719959,1633967719959,0,0,0,0,10,0,62058} 
2021-10-11 23:55:19 [ DefaultChannelId.java:79 ] - [ DEBUG ] -Dio.netty.processId: 3436 (auto-detected)
2021-10-11 23:55:19 [ NetUtil.java:135 ] - [ DEBUG ] -Djava.net.preferIPv4Stack: false
2021-10-11 23:55:19 [ NetUtil.java:136 ] - [ DEBUG ] -Djava.net.preferIPv6Addresses: false
2021-10-11 23:55:19 [ NetUtilInitializations.java:129 ] - [ DEBUG ] Loopback interface: lo0 (lo0, 0:0:0:0:0:0:0:1%lo0)
2021-10-11 23:55:19 [ NetUtil.java:187 ] - [ DEBUG ] Failed to get SOMAXCONN from sysctl and file /proc/sys/net/core/somaxconn. Default: 128
2021-10-11 23:55:19 [ DefaultChannelId.java:101 ] - [ DEBUG ] -Dio.netty.machineId: ac:de:48:ff:fe:00:11:22 (auto-detected)
2021-10-11 23:55:20 [ ResourceLeakDetector.java:129 ] - [ DEBUG ] -Dio.netty.leakDetection.level: simple
2021-10-11 23:55:20 [ ResourceLeakDetector.java:130 ] - [ DEBUG ] -Dio.netty.leakDetection.targetRecords: 4
2021-10-11 23:55:20 [ PooledByteBufAllocator.java:155 ] - [ DEBUG ] -Dio.netty.allocator.numHeapArenas: 16
2021-10-11 23:55:20 [ PooledByteBufAllocator.java:156 ] - [ DEBUG ] -Dio.netty.allocator.numDirectArenas: 16
2021-10-11 23:55:20 [ PooledByteBufAllocator.java:158 ] - [ DEBUG ] -Dio.netty.allocator.pageSize: 8192
2021-10-11 23:55:20 [ PooledByteBufAllocator.java:163 ] - [ DEBUG ] -Dio.netty.allocator.maxOrder: 11
2021-10-11 23:55:20 [ PooledByteBufAllocator.java:167 ] - [ DEBUG ] -Dio.netty.allocator.chunkSize: 16777216
2021-10-11 23:55:20 [ PooledByteBufAllocator.java:168 ] - [ DEBUG ] -Dio.netty.allocator.smallCacheSize: 256
2021-10-11 23:55:20 [ PooledByteBufAllocator.java:169 ] - [ DEBUG ] -Dio.netty.allocator.normalCacheSize: 64
2021-10-11 23:55:20 [ PooledByteBufAllocator.java:170 ] - [ DEBUG ] -Dio.netty.allocator.maxCachedBufferCapacity: 32768
2021-10-11 23:55:20 [ PooledByteBufAllocator.java:171 ] - [ DEBUG ] -Dio.netty.allocator.cacheTrimInterval: 8192
2021-10-11 23:55:20 [ PooledByteBufAllocator.java:172 ] - [ DEBUG ] -Dio.netty.allocator.cacheTrimIntervalMillis: 0
2021-10-11 23:55:20 [ PooledByteBufAllocator.java:173 ] - [ DEBUG ] -Dio.netty.allocator.useCacheForAllThreads: true
2021-10-11 23:55:20 [ PooledByteBufAllocator.java:174 ] - [ DEBUG ] -Dio.netty.allocator.maxCachedByteBuffersPerChunk: 1023
2021-10-11 23:55:20 [ ByteBufUtil.java:87 ] - [ DEBUG ] -Dio.netty.allocator.type: pooled
2021-10-11 23:55:20 [ ByteBufUtil.java:96 ] - [ DEBUG ] -Dio.netty.threadLocalDirectBufferSize: 0
2021-10-11 23:55:20 [ ByteBufUtil.java:99 ] - [ DEBUG ] -Dio.netty.maxThreadLocalCharBufferSize: 16384
2021-10-11 23:55:33 [ ClientCnxn.java:810 ] - [ DEBUG ] Got ping response for sessionid: 0x10000004e44000c after 4ms
2021-10-11 23:55:46 [ ClientCnxn.java:810 ] - [ DEBUG ] Got ping response for sessionid: 0x10000004e44000c after 3ms
