2021-10-11 23:55:19 [ ClassPathScanningCandidateComponentProvider.java:425 ] - [ TRACE ] Scanning file [/Users/yiche/Code/JAVA/yzhou/rpc/yz-rpc/rpc-example/example-server/target/classes/com/yzhou/rpc/example/server/NettyServerMain.class]
2021-10-11 23:55:19 [ ClassPathScanningCandidateComponentProvider.java:447 ] - [ TRACE ] Ignored because not matching any filter: file [/Users/yiche/Code/JAVA/yzhou/rpc/yz-rpc/rpc-example/example-server/target/classes/com/yzhou/rpc/example/server/NettyServerMain.class]
2021-10-11 23:55:19 [ ClassPathScanningCandidateComponentProvider.java:425 ] - [ TRACE ] Scanning file [/Users/yiche/Code/JAVA/yzhou/rpc/yz-rpc/rpc-example/example-server/target/classes/com/yzhou/rpc/example/server/impl/HelloServiceImpl.class]
2021-10-11 23:55:19 [ ClassPathScanningCandidateComponentProvider.java:447 ] - [ TRACE ] Ignored because not matching any filter: file [/Users/yiche/Code/JAVA/yzhou/rpc/yz-rpc/rpc-example/example-server/target/classes/com/yzhou/rpc/example/server/impl/HelloServiceImpl.class]
2021-10-11 23:55:19 [ ClassPathScanningCandidateComponentProvider.java:425 ] - [ TRACE ] Scanning file [/Users/yiche/Code/JAVA/yzhou/rpc/yz-rpc/rpc-example/example-server/target/classes/com/yzhou/rpc/example/server/impl/HelloServiceImpl2.class]
2021-10-11 23:55:19 [ ClassPathScanningCandidateComponentProvider.java:447 ] - [ TRACE ] Ignored because not matching any filter: file [/Users/yiche/Code/JAVA/yzhou/rpc/yz-rpc/rpc-example/example-server/target/classes/com/yzhou/rpc/example/server/impl/HelloServiceImpl2.class]
2021-10-11 23:55:19 [ ClassPathScanningCandidateComponentProvider.java:425 ] - [ TRACE ] Scanning file [/Users/yiche/Code/JAVA/yzhou/rpc/yz-rpc/rpc-example/example-interface/target/classes/com/yzhou/rpc/example/api/Hello$HelloBuilder.class]
2021-10-11 23:55:19 [ ClassPathScanningCandidateComponentProvider.java:447 ] - [ TRACE ] Ignored because not matching any filter: file [/Users/yiche/Code/JAVA/yzhou/rpc/yz-rpc/rpc-example/example-interface/target/classes/com/yzhou/rpc/example/api/Hello$HelloBuilder.class]
2021-10-11 23:55:19 [ ClassPathScanningCandidateComponentProvider.java:425 ] - [ TRACE ] Scanning file [/Users/yiche/Code/JAVA/yzhou/rpc/yz-rpc/rpc-example/example-interface/target/classes/com/yzhou/rpc/example/api/Hello.class]
2021-10-11 23:55:19 [ ClassPathScanningCandidateComponentProvider.java:447 ] - [ TRACE ] Ignored because not matching any filter: file [/Users/yiche/Code/JAVA/yzhou/rpc/yz-rpc/rpc-example/example-interface/target/classes/com/yzhou/rpc/example/api/Hello.class]
2021-10-11 23:55:19 [ ClassPathScanningCandidateComponentProvider.java:425 ] - [ TRACE ] Scanning file [/Users/yiche/Code/JAVA/yzhou/rpc/yz-rpc/rpc-example/example-interface/target/classes/com/yzhou/rpc/example/api/HelloService.class]
2021-10-11 23:55:19 [ ClassPathScanningCandidateComponentProvider.java:447 ] - [ TRACE ] Ignored because not matching any filter: file [/Users/yiche/Code/JAVA/yzhou/rpc/yz-rpc/rpc-example/example-interface/target/classes/com/yzhou/rpc/example/api/HelloService.class]
2021-10-11 23:55:19 [ ClassPathScanningCandidateComponentProvider.java:425 ] - [ TRACE ] Scanning file [/Users/yiche/Code/JAVA/yzhou/rpc/yz-rpc/rpc-core/target/classes/com/yzhou/rpc/core/annotation/RpcReference.class]
2021-10-11 23:55:19 [ ClassPathScanningCandidateComponentProvider.java:447 ] - [ TRACE ] Ignored because not matching any filter: file [/Users/yiche/Code/JAVA/yzhou/rpc/yz-rpc/rpc-core/target/classes/com/yzhou/rpc/core/annotation/RpcReference.class]
2021-10-11 23:55:19 [ ClassPathScanningCandidateComponentProvider.java:425 ] - [ TRACE ] Scanning file [/Users/yiche/Code/JAVA/yzhou/rpc/yz-rpc/rpc-core/target/classes/com/yzhou/rpc/core/annotation/RpcScan.class]
2021-10-11 23:55:19 [ ClassPathScanningCandidateComponentProvider.java:447 ] - [ TRACE ] Ignored because not matching any filter: file [/Users/yiche/Code/JAVA/yzhou/rpc/yz-rpc/rpc-core/target/classes/com/yzhou/rpc/core/annotation/RpcScan.class]
2021-10-11 23:55:19 [ ClassPathScanningCandidateComponentProvider.java:425 ] - [ TRACE ] Scanning file [/Users/yiche/Code/JAVA/yzhou/rpc/yz-rpc/rpc-core/target/classes/com/yzhou/rpc/core/annotation/RpcService.class]
2021-10-11 23:55:19 [ ClassPathScanningCandidateComponentProvider.java:447 ] - [ TRACE ] Ignored because not matching any filter: file [/Users/yiche/Code/JAVA/yzhou/rpc/yz-rpc/rpc-core/target/classes/com/yzhou/rpc/core/annotation/RpcService.class]
2021-10-11 23:55:19 [ ClassPathScanningCandidateComponentProvider.java:425 ] - [ TRACE ] Scanning file [/Users/yiche/Code/JAVA/yzhou/rpc/yz-rpc/rpc-core/target/classes/com/yzhou/rpc/core/compress/Compress.class]
2021-10-11 23:55:19 [ ClassPathScanningCandidateComponentProvider.java:447 ] - [ TRACE ] Ignored because not matching any filter: file [/Users/yiche/Code/JAVA/yzhou/rpc/yz-rpc/rpc-core/target/classes/com/yzhou/rpc/core/compress/Compress.class]
2021-10-11 23:55:19 [ ClassPathScanningCandidateComponentProvider.java:425 ] - [ TRACE ] Scanning file [/Users/yiche/Code/JAVA/yzhou/rpc/yz-rpc/rpc-core/target/classes/com/yzhou/rpc/core/compress/gzip/GzipCompress.class]
2021-10-11 23:55:19 [ ClassPathScanningCandidateComponentProvider.java:447 ] - [ TRACE ] Ignored because not matching any filter: file [/Users/yiche/Code/JAVA/yzhou/rpc/yz-rpc/rpc-core/target/classes/com/yzhou/rpc/core/compress/gzip/GzipCompress.class]
2021-10-11 23:55:19 [ ClassPathScanningCandidateComponentProvider.java:425 ] - [ TRACE ] Scanning file [/Users/yiche/Code/JAVA/yzhou/rpc/yz-rpc/rpc-core/target/classes/com/yzhou/rpc/core/config/CustomShutdownHook.class]
2021-10-11 23:55:19 [ ClassPathScanningCandidateComponentProvider.java:447 ] - [ TRACE ] Ignored because not matching any filter: file [/Users/yiche/Code/JAVA/yzhou/rpc/yz-rpc/rpc-core/target/classes/com/yzhou/rpc/core/config/CustomShutdownHook.class]
2021-10-11 23:55:19 [ ClassPathScanningCandidateComponentProvider.java:425 ] - [ TRACE ] Scanning file [/Users/yiche/Code/JAVA/yzhou/rpc/yz-rpc/rpc-core/target/classes/com/yzhou/rpc/core/config/RpcServiceConfig$RpcServiceConfigBuilder.class]
2021-10-11 23:55:19 [ ClassPathScanningCandidateComponentProvider.java:447 ] - [ TRACE ] Ignored because not matching any filter: file [/Users/yiche/Code/JAVA/yzhou/rpc/yz-rpc/rpc-core/target/classes/com/yzhou/rpc/core/config/RpcServiceConfig$RpcServiceConfigBuilder.class]
2021-10-11 23:55:19 [ ClassPathScanningCandidateComponentProvider.java:425 ] - [ TRACE ] Scanning file [/Users/yiche/Code/JAVA/yzhou/rpc/yz-rpc/rpc-core/target/classes/com/yzhou/rpc/core/config/RpcServiceConfig.class]
2021-10-11 23:55:19 [ ClassPathScanningCandidateComponentProvider.java:447 ] - [ TRACE ] Ignored because not matching any filter: file [/Users/yiche/Code/JAVA/yzhou/rpc/yz-rpc/rpc-core/target/classes/com/yzhou/rpc/core/config/RpcServiceConfig.class]
2021-10-11 23:55:19 [ ClassPathScanningCandidateComponentProvider.java:425 ] - [ TRACE ] Scanning file [/Users/yiche/Code/JAVA/yzhou/rpc/yz-rpc/rpc-core/target/classes/com/yzhou/rpc/core/loadbalance/AbstractLoadBalance.class]
2021-10-11 23:55:19 [ ClassPathScanningCandidateComponentProvider.java:447 ] - [ TRACE ] Ignored because not matching any filter: file [/Users/yiche/Code/JAVA/yzhou/rpc/yz-rpc/rpc-core/target/classes/com/yzhou/rpc/core/loadbalance/AbstractLoadBalance.class]
2021-10-11 23:55:19 [ ClassPathScanningCandidateComponentProvider.java:425 ] - [ TRACE ] Scanning file [/Users/yiche/Code/JAVA/yzhou/rpc/yz-rpc/rpc-core/target/classes/com/yzhou/rpc/core/loadbalance/LoadBalance.class]
2021-10-11 23:55:19 [ ClassPathScanningCandidateComponentProvider.java:447 ] - [ TRACE ] Ignored because not matching any filter: file [/Users/yiche/Code/JAVA/yzhou/rpc/yz-rpc/rpc-core/target/classes/com/yzhou/rpc/core/loadbalance/LoadBalance.class]
2021-10-11 23:55:19 [ ClassPathScanningCandidateComponentProvider.java:425 ] - [ TRACE ] Scanning file [/Users/yiche/Code/JAVA/yzhou/rpc/yz-rpc/rpc-core/target/classes/com/yzhou/rpc/core/loadbalance/loadbalancer/ConsistentHashLoadBalance$ConsistentHashSelector.class]
2021-10-11 23:55:19 [ ClassPathScanningCandidateComponentProvider.java:447 ] - [ TRACE ] Ignored because not matching any filter: file [/Users/yiche/Code/JAVA/yzhou/rpc/yz-rpc/rpc-core/target/classes/com/yzhou/rpc/core/loadbalance/loadbalancer/ConsistentHashLoadBalance$ConsistentHashSelector.class]
2021-10-11 23:55:19 [ ClassPathScanningCandidateComponentProvider.java:425 ] - [ TRACE ] Scanning file [/Users/yiche/Code/JAVA/yzhou/rpc/yz-rpc/rpc-core/target/classes/com/yzhou/rpc/core/loadbalance/loadbalancer/ConsistentHashLoadBalance.class]
2021-10-11 23:55:19 [ ClassPathScanningCandidateComponentProvider.java:447 ] - [ TRACE ] Ignored because not matching any filter: file [/Users/yiche/Code/JAVA/yzhou/rpc/yz-rpc/rpc-core/target/classes/com/yzhou/rpc/core/loadbalance/loadbalancer/ConsistentHashLoadBalance.class]
2021-10-11 23:55:19 [ ClassPathScanningCandidateComponentProvider.java:425 ] - [ TRACE ] Scanning file [/Users/yiche/Code/JAVA/yzhou/rpc/yz-rpc/rpc-core/target/classes/com/yzhou/rpc/core/loadbalance/loadbalancer/RandomLoadBalance.class]
2021-10-11 23:55:19 [ ClassPathScanningCandidateComponentProvider.java:447 ] - [ TRACE ] Ignored because not matching any filter: file [/Users/yiche/Code/JAVA/yzhou/rpc/yz-rpc/rpc-core/target/classes/com/yzhou/rpc/core/loadbalance/loadbalancer/RandomLoadBalance.class]
2021-10-11 23:55:19 [ ClassPathScanningCandidateComponentProvider.java:425 ] - [ TRACE ] Scanning file [/Users/yiche/Code/JAVA/yzhou/rpc/yz-rpc/rpc-core/target/classes/com/yzhou/rpc/core/provider/ServiceProvider.class]
2021-10-11 23:55:19 [ ClassPathScanningCandidateComponentProvider.java:447 ] - [ TRACE ] Ignored because not matching any filter: file [/Users/yiche/Code/JAVA/yzhou/rpc/yz-rpc/rpc-core/target/classes/com/yzhou/rpc/core/provider/ServiceProvider.class]
2021-10-11 23:55:19 [ ClassPathScanningCandidateComponentProvider.java:425 ] - [ TRACE ] Scanning file [/Users/yiche/Code/JAVA/yzhou/rpc/yz-rpc/rpc-core/target/classes/com/yzhou/rpc/core/provider/impl/ZkServiceProviderImpl.class]
2021-10-11 23:55:19 [ ClassPathScanningCandidateComponentProvider.java:447 ] - [ TRACE ] Ignored because not matching any filter: file [/Users/yiche/Code/JAVA/yzhou/rpc/yz-rpc/rpc-core/target/classes/com/yzhou/rpc/core/provider/impl/ZkServiceProviderImpl.class]
2021-10-11 23:55:19 [ ClassPathScanningCandidateComponentProvider.java:425 ] - [ TRACE ] Scanning file [/Users/yiche/Code/JAVA/yzhou/rpc/yz-rpc/rpc-core/target/classes/com/yzhou/rpc/core/proxy/RpcClientProxy.class]
2021-10-11 23:55:19 [ ClassPathScanningCandidateComponentProvider.java:447 ] - [ TRACE ] Ignored because not matching any filter: file [/Users/yiche/Code/JAVA/yzhou/rpc/yz-rpc/rpc-core/target/classes/com/yzhou/rpc/core/proxy/RpcClientProxy.class]
2021-10-11 23:55:19 [ ClassPathScanningCandidateComponentProvider.java:425 ] - [ TRACE ] Scanning file [/Users/yiche/Code/JAVA/yzhou/rpc/yz-rpc/rpc-core/target/classes/com/yzhou/rpc/core/registry/ServiceDiscovery.class]
2021-10-11 23:55:19 [ ClassPathScanningCandidateComponentProvider.java:447 ] - [ TRACE ] Ignored because not matching any filter: file [/Users/yiche/Code/JAVA/yzhou/rpc/yz-rpc/rpc-core/target/classes/com/yzhou/rpc/core/registry/ServiceDiscovery.class]
2021-10-11 23:55:19 [ ClassPathScanningCandidateComponentProvider.java:425 ] - [ TRACE ] Scanning file [/Users/yiche/Code/JAVA/yzhou/rpc/yz-rpc/rpc-core/target/classes/com/yzhou/rpc/core/registry/ServiceRegistry.class]
2021-10-11 23:55:19 [ ClassPathScanningCandidateComponentProvider.java:447 ] - [ TRACE ] Ignored because not matching any filter: file [/Users/yiche/Code/JAVA/yzhou/rpc/yz-rpc/rpc-core/target/classes/com/yzhou/rpc/core/registry/ServiceRegistry.class]
2021-10-11 23:55:19 [ ClassPathScanningCandidateComponentProvider.java:425 ] - [ TRACE ] Scanning file [/Users/yiche/Code/JAVA/yzhou/rpc/yz-rpc/rpc-core/target/classes/com/yzhou/rpc/core/registry/zk/ZkServiceDiscoveryImpl.class]
2021-10-11 23:55:19 [ ClassPathScanningCandidateComponentProvider.java:447 ] - [ TRACE ] Ignored because not matching any filter: file [/Users/yiche/Code/JAVA/yzhou/rpc/yz-rpc/rpc-core/target/classes/com/yzhou/rpc/core/registry/zk/ZkServiceDiscoveryImpl.class]
2021-10-11 23:55:19 [ ClassPathScanningCandidateComponentProvider.java:425 ] - [ TRACE ] Scanning file [/Users/yiche/Code/JAVA/yzhou/rpc/yz-rpc/rpc-core/target/classes/com/yzhou/rpc/core/registry/zk/ZkServiceRegistryImpl.class]
2021-10-11 23:55:19 [ ClassPathScanningCandidateComponentProvider.java:447 ] - [ TRACE ] Ignored because not matching any filter: file [/Users/yiche/Code/JAVA/yzhou/rpc/yz-rpc/rpc-core/target/classes/com/yzhou/rpc/core/registry/zk/ZkServiceRegistryImpl.class]
2021-10-11 23:55:19 [ ClassPathScanningCandidateComponentProvider.java:425 ] - [ TRACE ] Scanning file [/Users/yiche/Code/JAVA/yzhou/rpc/yz-rpc/rpc-core/target/classes/com/yzhou/rpc/core/registry/zk/util/CuratorUtils.class]
2021-10-11 23:55:19 [ ClassPathScanningCandidateComponentProvider.java:447 ] - [ TRACE ] Ignored because not matching any filter: file [/Users/yiche/Code/JAVA/yzhou/rpc/yz-rpc/rpc-core/target/classes/com/yzhou/rpc/core/registry/zk/util/CuratorUtils.class]
2021-10-11 23:55:19 [ ClassPathScanningCandidateComponentProvider.java:425 ] - [ TRACE ] Scanning file [/Users/yiche/Code/JAVA/yzhou/rpc/yz-rpc/rpc-core/target/classes/com/yzhou/rpc/core/remoting/constants/RpcConstants.class]
2021-10-11 23:55:19 [ ClassPathScanningCandidateComponentProvider.java:447 ] - [ TRACE ] Ignored because not matching any filter: file [/Users/yiche/Code/JAVA/yzhou/rpc/yz-rpc/rpc-core/target/classes/com/yzhou/rpc/core/remoting/constants/RpcConstants.class]
2021-10-11 23:55:19 [ ClassPathScanningCandidateComponentProvider.java:425 ] - [ TRACE ] Scanning file [/Users/yiche/Code/JAVA/yzhou/rpc/yz-rpc/rpc-core/target/classes/com/yzhou/rpc/core/remoting/dto/RpcMessage$RpcMessageBuilder.class]
2021-10-11 23:55:19 [ ClassPathScanningCandidateComponentProvider.java:447 ] - [ TRACE ] Ignored because not matching any filter: file [/Users/yiche/Code/JAVA/yzhou/rpc/yz-rpc/rpc-core/target/classes/com/yzhou/rpc/core/remoting/dto/RpcMessage$RpcMessageBuilder.class]
2021-10-11 23:55:19 [ ClassPathScanningCandidateComponentProvider.java:425 ] - [ TRACE ] Scanning file [/Users/yiche/Code/JAVA/yzhou/rpc/yz-rpc/rpc-core/target/classes/com/yzhou/rpc/core/remoting/dto/RpcMessage.class]
2021-10-11 23:55:19 [ ClassPathScanningCandidateComponentProvider.java:447 ] - [ TRACE ] Ignored because not matching any filter: file [/Users/yiche/Code/JAVA/yzhou/rpc/yz-rpc/rpc-core/target/classes/com/yzhou/rpc/core/remoting/dto/RpcMessage.class]
2021-10-11 23:55:19 [ ClassPathScanningCandidateComponentProvider.java:425 ] - [ TRACE ] Scanning file [/Users/yiche/Code/JAVA/yzhou/rpc/yz-rpc/rpc-core/target/classes/com/yzhou/rpc/core/remoting/dto/RpcRequest$RpcRequestBuilder.class]
2021-10-11 23:55:19 [ ClassPathScanningCandidateComponentProvider.java:447 ] - [ TRACE ] Ignored because not matching any filter: file [/Users/yiche/Code/JAVA/yzhou/rpc/yz-rpc/rpc-core/target/classes/com/yzhou/rpc/core/remoting/dto/RpcRequest$RpcRequestBuilder.class]
2021-10-11 23:55:19 [ ClassPathScanningCandidateComponentProvider.java:425 ] - [ TRACE ] Scanning file [/Users/yiche/Code/JAVA/yzhou/rpc/yz-rpc/rpc-core/target/classes/com/yzhou/rpc/core/remoting/dto/RpcRequest.class]
2021-10-11 23:55:19 [ ClassPathScanningCandidateComponentProvider.java:447 ] - [ TRACE ] Ignored because not matching any filter: file [/Users/yiche/Code/JAVA/yzhou/rpc/yz-rpc/rpc-core/target/classes/com/yzhou/rpc/core/remoting/dto/RpcRequest.class]
2021-10-11 23:55:19 [ ClassPathScanningCandidateComponentProvider.java:425 ] - [ TRACE ] Scanning file [/Users/yiche/Code/JAVA/yzhou/rpc/yz-rpc/rpc-core/target/classes/com/yzhou/rpc/core/remoting/dto/RpcResponse.class]
2021-10-11 23:55:19 [ ClassPathScanningCandidateComponentProvider.java:447 ] - [ TRACE ] Ignored because not matching any filter: file [/Users/yiche/Code/JAVA/yzhou/rpc/yz-rpc/rpc-core/target/classes/com/yzhou/rpc/core/remoting/dto/RpcResponse.class]
2021-10-11 23:55:19 [ ClassPathScanningCandidateComponentProvider.java:425 ] - [ TRACE ] Scanning file [/Users/yiche/Code/JAVA/yzhou/rpc/yz-rpc/rpc-core/target/classes/com/yzhou/rpc/core/remoting/handler/RpcRequestHandler.class]
2021-10-11 23:55:19 [ ClassPathScanningCandidateComponentProvider.java:447 ] - [ TRACE ] Ignored because not matching any filter: file [/Users/yiche/Code/JAVA/yzhou/rpc/yz-rpc/rpc-core/target/classes/com/yzhou/rpc/core/remoting/handler/RpcRequestHandler.class]
2021-10-11 23:55:19 [ ClassPathScanningCandidateComponentProvider.java:425 ] - [ TRACE ] Scanning file [/Users/yiche/Code/JAVA/yzhou/rpc/yz-rpc/rpc-core/target/classes/com/yzhou/rpc/core/remoting/transport/RpcRequestTransport.class]
2021-10-11 23:55:19 [ ClassPathScanningCandidateComponentProvider.java:447 ] - [ TRACE ] Ignored because not matching any filter: file [/Users/yiche/Code/JAVA/yzhou/rpc/yz-rpc/rpc-core/target/classes/com/yzhou/rpc/core/remoting/transport/RpcRequestTransport.class]
2021-10-11 23:55:19 [ ClassPathScanningCandidateComponentProvider.java:425 ] - [ TRACE ] Scanning file [/Users/yiche/Code/JAVA/yzhou/rpc/yz-rpc/rpc-core/target/classes/com/yzhou/rpc/core/remoting/transport/netty/client/ChannelProvider.class]
2021-10-11 23:55:19 [ ClassPathScanningCandidateComponentProvider.java:447 ] - [ TRACE ] Ignored because not matching any filter: file [/Users/yiche/Code/JAVA/yzhou/rpc/yz-rpc/rpc-core/target/classes/com/yzhou/rpc/core/remoting/transport/netty/client/ChannelProvider.class]
2021-10-11 23:55:19 [ ClassPathScanningCandidateComponentProvider.java:425 ] - [ TRACE ] Scanning file [/Users/yiche/Code/JAVA/yzhou/rpc/yz-rpc/rpc-core/target/classes/com/yzhou/rpc/core/remoting/transport/netty/client/NettyRpcClient$1.class]
2021-10-11 23:55:19 [ ClassPathScanningCandidateComponentProvider.java:447 ] - [ TRACE ] Ignored because not matching any filter: file [/Users/yiche/Code/JAVA/yzhou/rpc/yz-rpc/rpc-core/target/classes/com/yzhou/rpc/core/remoting/transport/netty/client/NettyRpcClient$1.class]
2021-10-11 23:55:19 [ ClassPathScanningCandidateComponentProvider.java:425 ] - [ TRACE ] Scanning file [/Users/yiche/Code/JAVA/yzhou/rpc/yz-rpc/rpc-core/target/classes/com/yzhou/rpc/core/remoting/transport/netty/client/NettyRpcClient.class]
2021-10-11 23:55:19 [ ClassPathScanningCandidateComponentProvider.java:447 ] - [ TRACE ] Ignored because not matching any filter: file [/Users/yiche/Code/JAVA/yzhou/rpc/yz-rpc/rpc-core/target/classes/com/yzhou/rpc/core/remoting/transport/netty/client/NettyRpcClient.class]
2021-10-11 23:55:19 [ ClassPathScanningCandidateComponentProvider.java:425 ] - [ TRACE ] Scanning file [/Users/yiche/Code/JAVA/yzhou/rpc/yz-rpc/rpc-core/target/classes/com/yzhou/rpc/core/remoting/transport/netty/client/NettyRpcClientHandler.class]
2021-10-11 23:55:19 [ ClassPathScanningCandidateComponentProvider.java:447 ] - [ TRACE ] Ignored because not matching any filter: file [/Users/yiche/Code/JAVA/yzhou/rpc/yz-rpc/rpc-core/target/classes/com/yzhou/rpc/core/remoting/transport/netty/client/NettyRpcClientHandler.class]
2021-10-11 23:55:19 [ ClassPathScanningCandidateComponentProvider.java:425 ] - [ TRACE ] Scanning file [/Users/yiche/Code/JAVA/yzhou/rpc/yz-rpc/rpc-core/target/classes/com/yzhou/rpc/core/remoting/transport/netty/client/UnprocessedRequests.class]
2021-10-11 23:55:19 [ ClassPathScanningCandidateComponentProvider.java:447 ] - [ TRACE ] Ignored because not matching any filter: file [/Users/yiche/Code/JAVA/yzhou/rpc/yz-rpc/rpc-core/target/classes/com/yzhou/rpc/core/remoting/transport/netty/client/UnprocessedRequests.class]
2021-10-11 23:55:19 [ ClassPathScanningCandidateComponentProvider.java:425 ] - [ TRACE ] Scanning file [/Users/yiche/Code/JAVA/yzhou/rpc/yz-rpc/rpc-core/target/classes/com/yzhou/rpc/core/remoting/transport/netty/codec/RpcMessageDecoder.class]
2021-10-11 23:55:19 [ ClassPathScanningCandidateComponentProvider.java:447 ] - [ TRACE ] Ignored because not matching any filter: file [/Users/yiche/Code/JAVA/yzhou/rpc/yz-rpc/rpc-core/target/classes/com/yzhou/rpc/core/remoting/transport/netty/codec/RpcMessageDecoder.class]
2021-10-11 23:55:19 [ ClassPathScanningCandidateComponentProvider.java:425 ] - [ TRACE ] Scanning file [/Users/yiche/Code/JAVA/yzhou/rpc/yz-rpc/rpc-core/target/classes/com/yzhou/rpc/core/remoting/transport/netty/codec/RpcMessageEncoder.class]
2021-10-11 23:55:19 [ ClassPathScanningCandidateComponentProvider.java:447 ] - [ TRACE ] Ignored because not matching any filter: file [/Users/yiche/Code/JAVA/yzhou/rpc/yz-rpc/rpc-core/target/classes/com/yzhou/rpc/core/remoting/transport/netty/codec/RpcMessageEncoder.class]
2021-10-11 23:55:19 [ ClassPathScanningCandidateComponentProvider.java:425 ] - [ TRACE ] Scanning file [/Users/yiche/Code/JAVA/yzhou/rpc/yz-rpc/rpc-core/target/classes/com/yzhou/rpc/core/remoting/transport/netty/server/NettyRpcServer$1.class]
2021-10-11 23:55:19 [ ClassPathScanningCandidateComponentProvider.java:447 ] - [ TRACE ] Ignored because not matching any filter: file [/Users/yiche/Code/JAVA/yzhou/rpc/yz-rpc/rpc-core/target/classes/com/yzhou/rpc/core/remoting/transport/netty/server/NettyRpcServer$1.class]
2021-10-11 23:55:19 [ ClassPathScanningCandidateComponentProvider.java:425 ] - [ TRACE ] Scanning file [/Users/yiche/Code/JAVA/yzhou/rpc/yz-rpc/rpc-core/target/classes/com/yzhou/rpc/core/remoting/transport/netty/server/NettyRpcServer.class]
2021-10-11 23:55:19 [ ClassPathScanningCandidateComponentProvider.java:425 ] - [ TRACE ] Scanning file [/Users/yiche/Code/JAVA/yzhou/rpc/yz-rpc/rpc-core/target/classes/com/yzhou/rpc/core/remoting/transport/netty/server/NettyRpcServerHandler.class]
2021-10-11 23:55:19 [ ClassPathScanningCandidateComponentProvider.java:447 ] - [ TRACE ] Ignored because not matching any filter: file [/Users/yiche/Code/JAVA/yzhou/rpc/yz-rpc/rpc-core/target/classes/com/yzhou/rpc/core/remoting/transport/netty/server/NettyRpcServerHandler.class]
2021-10-11 23:55:19 [ ClassPathScanningCandidateComponentProvider.java:425 ] - [ TRACE ] Scanning file [/Users/yiche/Code/JAVA/yzhou/rpc/yz-rpc/rpc-core/target/classes/com/yzhou/rpc/core/serialize/Serializer.class]
2021-10-11 23:55:19 [ ClassPathScanningCandidateComponentProvider.java:447 ] - [ TRACE ] Ignored because not matching any filter: file [/Users/yiche/Code/JAVA/yzhou/rpc/yz-rpc/rpc-core/target/classes/com/yzhou/rpc/core/serialize/Serializer.class]
2021-10-11 23:55:19 [ ClassPathScanningCandidateComponentProvider.java:425 ] - [ TRACE ] Scanning file [/Users/yiche/Code/JAVA/yzhou/rpc/yz-rpc/rpc-core/target/classes/com/yzhou/rpc/core/serialize/kyro/KryoSerializer.class]
2021-10-11 23:55:19 [ ClassPathScanningCandidateComponentProvider.java:447 ] - [ TRACE ] Ignored because not matching any filter: file [/Users/yiche/Code/JAVA/yzhou/rpc/yz-rpc/rpc-core/target/classes/com/yzhou/rpc/core/serialize/kyro/KryoSerializer.class]
2021-10-11 23:55:19 [ ClassPathScanningCandidateComponentProvider.java:425 ] - [ TRACE ] Scanning file [/Users/yiche/Code/JAVA/yzhou/rpc/yz-rpc/rpc-core/target/classes/com/yzhou/rpc/core/serialize/protostuff/ProtostuffSerializer.class]
2021-10-11 23:55:19 [ ClassPathScanningCandidateComponentProvider.java:447 ] - [ TRACE ] Ignored because not matching any filter: file [/Users/yiche/Code/JAVA/yzhou/rpc/yz-rpc/rpc-core/target/classes/com/yzhou/rpc/core/serialize/protostuff/ProtostuffSerializer.class]
2021-10-11 23:55:19 [ ClassPathScanningCandidateComponentProvider.java:425 ] - [ TRACE ] Scanning file [/Users/yiche/Code/JAVA/yzhou/rpc/yz-rpc/rpc-core/target/classes/com/yzhou/rpc/core/spring/CustomScanner.class]
2021-10-11 23:55:19 [ ClassPathScanningCandidateComponentProvider.java:447 ] - [ TRACE ] Ignored because not matching any filter: file [/Users/yiche/Code/JAVA/yzhou/rpc/yz-rpc/rpc-core/target/classes/com/yzhou/rpc/core/spring/CustomScanner.class]
2021-10-11 23:55:19 [ ClassPathScanningCandidateComponentProvider.java:425 ] - [ TRACE ] Scanning file [/Users/yiche/Code/JAVA/yzhou/rpc/yz-rpc/rpc-core/target/classes/com/yzhou/rpc/core/spring/CustomScannerRegistrar.class]
2021-10-11 23:55:19 [ ClassPathScanningCandidateComponentProvider.java:447 ] - [ TRACE ] Ignored because not matching any filter: file [/Users/yiche/Code/JAVA/yzhou/rpc/yz-rpc/rpc-core/target/classes/com/yzhou/rpc/core/spring/CustomScannerRegistrar.class]
2021-10-11 23:55:19 [ ClassPathScanningCandidateComponentProvider.java:425 ] - [ TRACE ] Scanning file [/Users/yiche/Code/JAVA/yzhou/rpc/yz-rpc/rpc-core/target/classes/com/yzhou/rpc/core/spring/SpringBeanPostProcessor.class]
2021-10-11 23:55:19 [ ClassPathScanningCandidateComponentProvider.java:425 ] - [ TRACE ] Scanning file [/Users/yiche/Code/JAVA/yzhou/rpc/yz-rpc/rpc-common/target/classes/com/yzhou/rpc/common/enums/CompressTypeEnum.class]
2021-10-11 23:55:19 [ ClassPathScanningCandidateComponentProvider.java:447 ] - [ TRACE ] Ignored because not matching any filter: file [/Users/yiche/Code/JAVA/yzhou/rpc/yz-rpc/rpc-common/target/classes/com/yzhou/rpc/common/enums/CompressTypeEnum.class]
2021-10-11 23:55:19 [ ClassPathScanningCandidateComponentProvider.java:425 ] - [ TRACE ] Scanning file [/Users/yiche/Code/JAVA/yzhou/rpc/yz-rpc/rpc-common/target/classes/com/yzhou/rpc/common/enums/RpcConfigEnum.class]
2021-10-11 23:55:19 [ ClassPathScanningCandidateComponentProvider.java:447 ] - [ TRACE ] Ignored because not matching any filter: file [/Users/yiche/Code/JAVA/yzhou/rpc/yz-rpc/rpc-common/target/classes/com/yzhou/rpc/common/enums/RpcConfigEnum.class]
2021-10-11 23:55:19 [ ClassPathScanningCandidateComponentProvider.java:425 ] - [ TRACE ] Scanning file [/Users/yiche/Code/JAVA/yzhou/rpc/yz-rpc/rpc-common/target/classes/com/yzhou/rpc/common/enums/RpcErrorMessageEnum.class]
2021-10-11 23:55:19 [ ClassPathScanningCandidateComponentProvider.java:447 ] - [ TRACE ] Ignored because not matching any filter: file [/Users/yiche/Code/JAVA/yzhou/rpc/yz-rpc/rpc-common/target/classes/com/yzhou/rpc/common/enums/RpcErrorMessageEnum.class]
2021-10-11 23:55:19 [ ClassPathScanningCandidateComponentProvider.java:425 ] - [ TRACE ] Scanning file [/Users/yiche/Code/JAVA/yzhou/rpc/yz-rpc/rpc-common/target/classes/com/yzhou/rpc/common/enums/RpcResponseCodeEnum.class]
2021-10-11 23:55:19 [ ClassPathScanningCandidateComponentProvider.java:447 ] - [ TRACE ] Ignored because not matching any filter: file [/Users/yiche/Code/JAVA/yzhou/rpc/yz-rpc/rpc-common/target/classes/com/yzhou/rpc/common/enums/RpcResponseCodeEnum.class]
2021-10-11 23:55:19 [ ClassPathScanningCandidateComponentProvider.java:425 ] - [ TRACE ] Scanning file [/Users/yiche/Code/JAVA/yzhou/rpc/yz-rpc/rpc-common/target/classes/com/yzhou/rpc/common/enums/SerializationTypeEnum.class]
2021-10-11 23:55:19 [ ClassPathScanningCandidateComponentProvider.java:447 ] - [ TRACE ] Ignored because not matching any filter: file [/Users/yiche/Code/JAVA/yzhou/rpc/yz-rpc/rpc-common/target/classes/com/yzhou/rpc/common/enums/SerializationTypeEnum.class]
2021-10-11 23:55:19 [ ClassPathScanningCandidateComponentProvider.java:425 ] - [ TRACE ] Scanning file [/Users/yiche/Code/JAVA/yzhou/rpc/yz-rpc/rpc-common/target/classes/com/yzhou/rpc/common/exception/RpcException.class]
2021-10-11 23:55:19 [ ClassPathScanningCandidateComponentProvider.java:447 ] - [ TRACE ] Ignored because not matching any filter: file [/Users/yiche/Code/JAVA/yzhou/rpc/yz-rpc/rpc-common/target/classes/com/yzhou/rpc/common/exception/RpcException.class]
2021-10-11 23:55:19 [ ClassPathScanningCandidateComponentProvider.java:425 ] - [ TRACE ] Scanning file [/Users/yiche/Code/JAVA/yzhou/rpc/yz-rpc/rpc-common/target/classes/com/yzhou/rpc/common/exception/SerializeException.class]
2021-10-11 23:55:19 [ ClassPathScanningCandidateComponentProvider.java:447 ] - [ TRACE ] Ignored because not matching any filter: file [/Users/yiche/Code/JAVA/yzhou/rpc/yz-rpc/rpc-common/target/classes/com/yzhou/rpc/common/exception/SerializeException.class]
2021-10-11 23:55:19 [ ClassPathScanningCandidateComponentProvider.java:425 ] - [ TRACE ] Scanning file [/Users/yiche/Code/JAVA/yzhou/rpc/yz-rpc/rpc-common/target/classes/com/yzhou/rpc/common/extension/ExtensionLoader.class]
2021-10-11 23:55:19 [ ClassPathScanningCandidateComponentProvider.java:447 ] - [ TRACE ] Ignored because not matching any filter: file [/Users/yiche/Code/JAVA/yzhou/rpc/yz-rpc/rpc-common/target/classes/com/yzhou/rpc/common/extension/ExtensionLoader.class]
2021-10-11 23:55:19 [ ClassPathScanningCandidateComponentProvider.java:425 ] - [ TRACE ] Scanning file [/Users/yiche/Code/JAVA/yzhou/rpc/yz-rpc/rpc-common/target/classes/com/yzhou/rpc/common/extension/Holder.class]
2021-10-11 23:55:19 [ ClassPathScanningCandidateComponentProvider.java:447 ] - [ TRACE ] Ignored because not matching any filter: file [/Users/yiche/Code/JAVA/yzhou/rpc/yz-rpc/rpc-common/target/classes/com/yzhou/rpc/common/extension/Holder.class]
2021-10-11 23:55:19 [ ClassPathScanningCandidateComponentProvider.java:425 ] - [ TRACE ] Scanning file [/Users/yiche/Code/JAVA/yzhou/rpc/yz-rpc/rpc-common/target/classes/com/yzhou/rpc/common/extension/SPI.class]
2021-10-11 23:55:19 [ ClassPathScanningCandidateComponentProvider.java:447 ] - [ TRACE ] Ignored because not matching any filter: file [/Users/yiche/Code/JAVA/yzhou/rpc/yz-rpc/rpc-common/target/classes/com/yzhou/rpc/common/extension/SPI.class]
2021-10-11 23:55:19 [ ClassPathScanningCandidateComponentProvider.java:425 ] - [ TRACE ] Scanning file [/Users/yiche/Code/JAVA/yzhou/rpc/yz-rpc/rpc-common/target/classes/com/yzhou/rpc/common/factory/SingletonFactory.class]
2021-10-11 23:55:19 [ ClassPathScanningCandidateComponentProvider.java:447 ] - [ TRACE ] Ignored because not matching any filter: file [/Users/yiche/Code/JAVA/yzhou/rpc/yz-rpc/rpc-common/target/classes/com/yzhou/rpc/common/factory/SingletonFactory.class]
2021-10-11 23:55:19 [ ClassPathScanningCandidateComponentProvider.java:425 ] - [ TRACE ] Scanning file [/Users/yiche/Code/JAVA/yzhou/rpc/yz-rpc/rpc-common/target/classes/com/yzhou/rpc/common/utils/PropertiesFileUtil.class]
2021-10-11 23:55:19 [ ClassPathScanningCandidateComponentProvider.java:447 ] - [ TRACE ] Ignored because not matching any filter: file [/Users/yiche/Code/JAVA/yzhou/rpc/yz-rpc/rpc-common/target/classes/com/yzhou/rpc/common/utils/PropertiesFileUtil.class]
2021-10-11 23:55:19 [ ClassPathScanningCandidateComponentProvider.java:425 ] - [ TRACE ] Scanning file [/Users/yiche/Code/JAVA/yzhou/rpc/yz-rpc/rpc-common/target/classes/com/yzhou/rpc/common/utils/RuntimeUtil.class]
2021-10-11 23:55:19 [ ClassPathScanningCandidateComponentProvider.java:447 ] - [ TRACE ] Ignored because not matching any filter: file [/Users/yiche/Code/JAVA/yzhou/rpc/yz-rpc/rpc-common/target/classes/com/yzhou/rpc/common/utils/RuntimeUtil.class]
2021-10-11 23:55:19 [ ClassPathScanningCandidateComponentProvider.java:425 ] - [ TRACE ] Scanning file [/Users/yiche/Code/JAVA/yzhou/rpc/yz-rpc/rpc-common/target/classes/com/yzhou/rpc/common/utils/concurrent/threadpool/CustomThreadPoolConfig.class]
2021-10-11 23:55:19 [ ClassPathScanningCandidateComponentProvider.java:447 ] - [ TRACE ] Ignored because not matching any filter: file [/Users/yiche/Code/JAVA/yzhou/rpc/yz-rpc/rpc-common/target/classes/com/yzhou/rpc/common/utils/concurrent/threadpool/CustomThreadPoolConfig.class]
2021-10-11 23:55:19 [ ClassPathScanningCandidateComponentProvider.java:425 ] - [ TRACE ] Scanning file [/Users/yiche/Code/JAVA/yzhou/rpc/yz-rpc/rpc-common/target/classes/com/yzhou/rpc/common/utils/concurrent/threadpool/ThreadPoolFactoryUtils.class]
2021-10-11 23:55:19 [ ClassPathScanningCandidateComponentProvider.java:447 ] - [ TRACE ] Ignored because not matching any filter: file [/Users/yiche/Code/JAVA/yzhou/rpc/yz-rpc/rpc-common/target/classes/com/yzhou/rpc/common/utils/concurrent/threadpool/ThreadPoolFactoryUtils.class]
2021-10-11 23:55:19 [ ClassPathScanningCandidateComponentProvider.java:425 ] - [ TRACE ] Scanning file [/Users/yiche/Code/JAVA/yzhou/rpc/yz-rpc/rpc-example/example-server/target/classes/com/yzhou/rpc/example/server/NettyServerMain.class]
2021-10-11 23:55:19 [ ClassPathScanningCandidateComponentProvider.java:447 ] - [ TRACE ] Ignored because not matching any filter: file [/Users/yiche/Code/JAVA/yzhou/rpc/yz-rpc/rpc-example/example-server/target/classes/com/yzhou/rpc/example/server/NettyServerMain.class]
2021-10-11 23:55:19 [ ClassPathScanningCandidateComponentProvider.java:425 ] - [ TRACE ] Scanning file [/Users/yiche/Code/JAVA/yzhou/rpc/yz-rpc/rpc-example/example-server/target/classes/com/yzhou/rpc/example/server/impl/HelloServiceImpl.class]
2021-10-11 23:55:19 [ ClassPathScanningCandidateComponentProvider.java:425 ] - [ TRACE ] Scanning file [/Users/yiche/Code/JAVA/yzhou/rpc/yz-rpc/rpc-example/example-server/target/classes/com/yzhou/rpc/example/server/impl/HelloServiceImpl2.class]
2021-10-11 23:55:19 [ ClassPathScanningCandidateComponentProvider.java:447 ] - [ TRACE ] Ignored because not matching any filter: file [/Users/yiche/Code/JAVA/yzhou/rpc/yz-rpc/rpc-example/example-server/target/classes/com/yzhou/rpc/example/server/impl/HelloServiceImpl2.class]
2021-10-11 23:55:19 [ ClassPathScanningCandidateComponentProvider.java:425 ] - [ TRACE ] Scanning file [/Users/yiche/Code/JAVA/yzhou/rpc/yz-rpc/rpc-example/example-interface/target/classes/com/yzhou/rpc/example/api/Hello$HelloBuilder.class]
2021-10-11 23:55:19 [ ClassPathScanningCandidateComponentProvider.java:447 ] - [ TRACE ] Ignored because not matching any filter: file [/Users/yiche/Code/JAVA/yzhou/rpc/yz-rpc/rpc-example/example-interface/target/classes/com/yzhou/rpc/example/api/Hello$HelloBuilder.class]
2021-10-11 23:55:19 [ ClassPathScanningCandidateComponentProvider.java:425 ] - [ TRACE ] Scanning file [/Users/yiche/Code/JAVA/yzhou/rpc/yz-rpc/rpc-example/example-interface/target/classes/com/yzhou/rpc/example/api/Hello.class]
2021-10-11 23:55:19 [ ClassPathScanningCandidateComponentProvider.java:447 ] - [ TRACE ] Ignored because not matching any filter: file [/Users/yiche/Code/JAVA/yzhou/rpc/yz-rpc/rpc-example/example-interface/target/classes/com/yzhou/rpc/example/api/Hello.class]
2021-10-11 23:55:19 [ ClassPathScanningCandidateComponentProvider.java:425 ] - [ TRACE ] Scanning file [/Users/yiche/Code/JAVA/yzhou/rpc/yz-rpc/rpc-example/example-interface/target/classes/com/yzhou/rpc/example/api/HelloService.class]
2021-10-11 23:55:19 [ ClassPathScanningCandidateComponentProvider.java:447 ] - [ TRACE ] Ignored because not matching any filter: file [/Users/yiche/Code/JAVA/yzhou/rpc/yz-rpc/rpc-example/example-interface/target/classes/com/yzhou/rpc/example/api/HelloService.class]
2021-10-11 23:55:19 [ ClassPathScanningCandidateComponentProvider.java:425 ] - [ TRACE ] Scanning file [/Users/yiche/Code/JAVA/yzhou/rpc/yz-rpc/rpc-core/target/classes/com/yzhou/rpc/core/annotation/RpcReference.class]
2021-10-11 23:55:19 [ ClassPathScanningCandidateComponentProvider.java:447 ] - [ TRACE ] Ignored because not matching any filter: file [/Users/yiche/Code/JAVA/yzhou/rpc/yz-rpc/rpc-core/target/classes/com/yzhou/rpc/core/annotation/RpcReference.class]
2021-10-11 23:55:19 [ ClassPathScanningCandidateComponentProvider.java:425 ] - [ TRACE ] Scanning file [/Users/yiche/Code/JAVA/yzhou/rpc/yz-rpc/rpc-core/target/classes/com/yzhou/rpc/core/annotation/RpcScan.class]
2021-10-11 23:55:19 [ ClassPathScanningCandidateComponentProvider.java:447 ] - [ TRACE ] Ignored because not matching any filter: file [/Users/yiche/Code/JAVA/yzhou/rpc/yz-rpc/rpc-core/target/classes/com/yzhou/rpc/core/annotation/RpcScan.class]
2021-10-11 23:55:19 [ ClassPathScanningCandidateComponentProvider.java:425 ] - [ TRACE ] Scanning file [/Users/yiche/Code/JAVA/yzhou/rpc/yz-rpc/rpc-core/target/classes/com/yzhou/rpc/core/annotation/RpcService.class]
2021-10-11 23:55:19 [ ClassPathScanningCandidateComponentProvider.java:447 ] - [ TRACE ] Ignored because not matching any filter: file [/Users/yiche/Code/JAVA/yzhou/rpc/yz-rpc/rpc-core/target/classes/com/yzhou/rpc/core/annotation/RpcService.class]
2021-10-11 23:55:19 [ ClassPathScanningCandidateComponentProvider.java:425 ] - [ TRACE ] Scanning file [/Users/yiche/Code/JAVA/yzhou/rpc/yz-rpc/rpc-core/target/classes/com/yzhou/rpc/core/compress/Compress.class]
2021-10-11 23:55:19 [ ClassPathScanningCandidateComponentProvider.java:447 ] - [ TRACE ] Ignored because not matching any filter: file [/Users/yiche/Code/JAVA/yzhou/rpc/yz-rpc/rpc-core/target/classes/com/yzhou/rpc/core/compress/Compress.class]
2021-10-11 23:55:19 [ ClassPathScanningCandidateComponentProvider.java:425 ] - [ TRACE ] Scanning file [/Users/yiche/Code/JAVA/yzhou/rpc/yz-rpc/rpc-core/target/classes/com/yzhou/rpc/core/compress/gzip/GzipCompress.class]
2021-10-11 23:55:19 [ ClassPathScanningCandidateComponentProvider.java:447 ] - [ TRACE ] Ignored because not matching any filter: file [/Users/yiche/Code/JAVA/yzhou/rpc/yz-rpc/rpc-core/target/classes/com/yzhou/rpc/core/compress/gzip/GzipCompress.class]
2021-10-11 23:55:19 [ ClassPathScanningCandidateComponentProvider.java:425 ] - [ TRACE ] Scanning file [/Users/yiche/Code/JAVA/yzhou/rpc/yz-rpc/rpc-core/target/classes/com/yzhou/rpc/core/config/CustomShutdownHook.class]
2021-10-11 23:55:19 [ ClassPathScanningCandidateComponentProvider.java:447 ] - [ TRACE ] Ignored because not matching any filter: file [/Users/yiche/Code/JAVA/yzhou/rpc/yz-rpc/rpc-core/target/classes/com/yzhou/rpc/core/config/CustomShutdownHook.class]
2021-10-11 23:55:19 [ ClassPathScanningCandidateComponentProvider.java:425 ] - [ TRACE ] Scanning file [/Users/yiche/Code/JAVA/yzhou/rpc/yz-rpc/rpc-core/target/classes/com/yzhou/rpc/core/config/RpcServiceConfig$RpcServiceConfigBuilder.class]
2021-10-11 23:55:19 [ ClassPathScanningCandidateComponentProvider.java:447 ] - [ TRACE ] Ignored because not matching any filter: file [/Users/yiche/Code/JAVA/yzhou/rpc/yz-rpc/rpc-core/target/classes/com/yzhou/rpc/core/config/RpcServiceConfig$RpcServiceConfigBuilder.class]
2021-10-11 23:55:19 [ ClassPathScanningCandidateComponentProvider.java:425 ] - [ TRACE ] Scanning file [/Users/yiche/Code/JAVA/yzhou/rpc/yz-rpc/rpc-core/target/classes/com/yzhou/rpc/core/config/RpcServiceConfig.class]
2021-10-11 23:55:19 [ ClassPathScanningCandidateComponentProvider.java:447 ] - [ TRACE ] Ignored because not matching any filter: file [/Users/yiche/Code/JAVA/yzhou/rpc/yz-rpc/rpc-core/target/classes/com/yzhou/rpc/core/config/RpcServiceConfig.class]
2021-10-11 23:55:19 [ ClassPathScanningCandidateComponentProvider.java:425 ] - [ TRACE ] Scanning file [/Users/yiche/Code/JAVA/yzhou/rpc/yz-rpc/rpc-core/target/classes/com/yzhou/rpc/core/loadbalance/AbstractLoadBalance.class]
2021-10-11 23:55:19 [ ClassPathScanningCandidateComponentProvider.java:447 ] - [ TRACE ] Ignored because not matching any filter: file [/Users/yiche/Code/JAVA/yzhou/rpc/yz-rpc/rpc-core/target/classes/com/yzhou/rpc/core/loadbalance/AbstractLoadBalance.class]
2021-10-11 23:55:19 [ ClassPathScanningCandidateComponentProvider.java:425 ] - [ TRACE ] Scanning file [/Users/yiche/Code/JAVA/yzhou/rpc/yz-rpc/rpc-core/target/classes/com/yzhou/rpc/core/loadbalance/LoadBalance.class]
2021-10-11 23:55:19 [ ClassPathScanningCandidateComponentProvider.java:447 ] - [ TRACE ] Ignored because not matching any filter: file [/Users/yiche/Code/JAVA/yzhou/rpc/yz-rpc/rpc-core/target/classes/com/yzhou/rpc/core/loadbalance/LoadBalance.class]
2021-10-11 23:55:19 [ ClassPathScanningCandidateComponentProvider.java:425 ] - [ TRACE ] Scanning file [/Users/yiche/Code/JAVA/yzhou/rpc/yz-rpc/rpc-core/target/classes/com/yzhou/rpc/core/loadbalance/loadbalancer/ConsistentHashLoadBalance$ConsistentHashSelector.class]
2021-10-11 23:55:19 [ ClassPathScanningCandidateComponentProvider.java:447 ] - [ TRACE ] Ignored because not matching any filter: file [/Users/yiche/Code/JAVA/yzhou/rpc/yz-rpc/rpc-core/target/classes/com/yzhou/rpc/core/loadbalance/loadbalancer/ConsistentHashLoadBalance$ConsistentHashSelector.class]
2021-10-11 23:55:19 [ ClassPathScanningCandidateComponentProvider.java:425 ] - [ TRACE ] Scanning file [/Users/yiche/Code/JAVA/yzhou/rpc/yz-rpc/rpc-core/target/classes/com/yzhou/rpc/core/loadbalance/loadbalancer/ConsistentHashLoadBalance.class]
2021-10-11 23:55:19 [ ClassPathScanningCandidateComponentProvider.java:447 ] - [ TRACE ] Ignored because not matching any filter: file [/Users/yiche/Code/JAVA/yzhou/rpc/yz-rpc/rpc-core/target/classes/com/yzhou/rpc/core/loadbalance/loadbalancer/ConsistentHashLoadBalance.class]
2021-10-11 23:55:19 [ ClassPathScanningCandidateComponentProvider.java:425 ] - [ TRACE ] Scanning file [/Users/yiche/Code/JAVA/yzhou/rpc/yz-rpc/rpc-core/target/classes/com/yzhou/rpc/core/loadbalance/loadbalancer/RandomLoadBalance.class]
2021-10-11 23:55:19 [ ClassPathScanningCandidateComponentProvider.java:447 ] - [ TRACE ] Ignored because not matching any filter: file [/Users/yiche/Code/JAVA/yzhou/rpc/yz-rpc/rpc-core/target/classes/com/yzhou/rpc/core/loadbalance/loadbalancer/RandomLoadBalance.class]
2021-10-11 23:55:19 [ ClassPathScanningCandidateComponentProvider.java:425 ] - [ TRACE ] Scanning file [/Users/yiche/Code/JAVA/yzhou/rpc/yz-rpc/rpc-core/target/classes/com/yzhou/rpc/core/provider/ServiceProvider.class]
2021-10-11 23:55:19 [ ClassPathScanningCandidateComponentProvider.java:447 ] - [ TRACE ] Ignored because not matching any filter: file [/Users/yiche/Code/JAVA/yzhou/rpc/yz-rpc/rpc-core/target/classes/com/yzhou/rpc/core/provider/ServiceProvider.class]
2021-10-11 23:55:19 [ ClassPathScanningCandidateComponentProvider.java:425 ] - [ TRACE ] Scanning file [/Users/yiche/Code/JAVA/yzhou/rpc/yz-rpc/rpc-core/target/classes/com/yzhou/rpc/core/provider/impl/ZkServiceProviderImpl.class]
2021-10-11 23:55:19 [ ClassPathScanningCandidateComponentProvider.java:447 ] - [ TRACE ] Ignored because not matching any filter: file [/Users/yiche/Code/JAVA/yzhou/rpc/yz-rpc/rpc-core/target/classes/com/yzhou/rpc/core/provider/impl/ZkServiceProviderImpl.class]
2021-10-11 23:55:19 [ ClassPathScanningCandidateComponentProvider.java:425 ] - [ TRACE ] Scanning file [/Users/yiche/Code/JAVA/yzhou/rpc/yz-rpc/rpc-core/target/classes/com/yzhou/rpc/core/proxy/RpcClientProxy.class]
2021-10-11 23:55:19 [ ClassPathScanningCandidateComponentProvider.java:447 ] - [ TRACE ] Ignored because not matching any filter: file [/Users/yiche/Code/JAVA/yzhou/rpc/yz-rpc/rpc-core/target/classes/com/yzhou/rpc/core/proxy/RpcClientProxy.class]
2021-10-11 23:55:19 [ ClassPathScanningCandidateComponentProvider.java:425 ] - [ TRACE ] Scanning file [/Users/yiche/Code/JAVA/yzhou/rpc/yz-rpc/rpc-core/target/classes/com/yzhou/rpc/core/registry/ServiceDiscovery.class]
2021-10-11 23:55:19 [ ClassPathScanningCandidateComponentProvider.java:447 ] - [ TRACE ] Ignored because not matching any filter: file [/Users/yiche/Code/JAVA/yzhou/rpc/yz-rpc/rpc-core/target/classes/com/yzhou/rpc/core/registry/ServiceDiscovery.class]
2021-10-11 23:55:19 [ ClassPathScanningCandidateComponentProvider.java:425 ] - [ TRACE ] Scanning file [/Users/yiche/Code/JAVA/yzhou/rpc/yz-rpc/rpc-core/target/classes/com/yzhou/rpc/core/registry/ServiceRegistry.class]
2021-10-11 23:55:19 [ ClassPathScanningCandidateComponentProvider.java:447 ] - [ TRACE ] Ignored because not matching any filter: file [/Users/yiche/Code/JAVA/yzhou/rpc/yz-rpc/rpc-core/target/classes/com/yzhou/rpc/core/registry/ServiceRegistry.class]
2021-10-11 23:55:19 [ ClassPathScanningCandidateComponentProvider.java:425 ] - [ TRACE ] Scanning file [/Users/yiche/Code/JAVA/yzhou/rpc/yz-rpc/rpc-core/target/classes/com/yzhou/rpc/core/registry/zk/ZkServiceDiscoveryImpl.class]
2021-10-11 23:55:19 [ ClassPathScanningCandidateComponentProvider.java:447 ] - [ TRACE ] Ignored because not matching any filter: file [/Users/yiche/Code/JAVA/yzhou/rpc/yz-rpc/rpc-core/target/classes/com/yzhou/rpc/core/registry/zk/ZkServiceDiscoveryImpl.class]
2021-10-11 23:55:19 [ ClassPathScanningCandidateComponentProvider.java:425 ] - [ TRACE ] Scanning file [/Users/yiche/Code/JAVA/yzhou/rpc/yz-rpc/rpc-core/target/classes/com/yzhou/rpc/core/registry/zk/ZkServiceRegistryImpl.class]
2021-10-11 23:55:19 [ ClassPathScanningCandidateComponentProvider.java:447 ] - [ TRACE ] Ignored because not matching any filter: file [/Users/yiche/Code/JAVA/yzhou/rpc/yz-rpc/rpc-core/target/classes/com/yzhou/rpc/core/registry/zk/ZkServiceRegistryImpl.class]
2021-10-11 23:55:19 [ ClassPathScanningCandidateComponentProvider.java:425 ] - [ TRACE ] Scanning file [/Users/yiche/Code/JAVA/yzhou/rpc/yz-rpc/rpc-core/target/classes/com/yzhou/rpc/core/registry/zk/util/CuratorUtils.class]
2021-10-11 23:55:19 [ ClassPathScanningCandidateComponentProvider.java:447 ] - [ TRACE ] Ignored because not matching any filter: file [/Users/yiche/Code/JAVA/yzhou/rpc/yz-rpc/rpc-core/target/classes/com/yzhou/rpc/core/registry/zk/util/CuratorUtils.class]
2021-10-11 23:55:19 [ ClassPathScanningCandidateComponentProvider.java:425 ] - [ TRACE ] Scanning file [/Users/yiche/Code/JAVA/yzhou/rpc/yz-rpc/rpc-core/target/classes/com/yzhou/rpc/core/remoting/constants/RpcConstants.class]
2021-10-11 23:55:19 [ ClassPathScanningCandidateComponentProvider.java:447 ] - [ TRACE ] Ignored because not matching any filter: file [/Users/yiche/Code/JAVA/yzhou/rpc/yz-rpc/rpc-core/target/classes/com/yzhou/rpc/core/remoting/constants/RpcConstants.class]
2021-10-11 23:55:19 [ ClassPathScanningCandidateComponentProvider.java:425 ] - [ TRACE ] Scanning file [/Users/yiche/Code/JAVA/yzhou/rpc/yz-rpc/rpc-core/target/classes/com/yzhou/rpc/core/remoting/dto/RpcMessage$RpcMessageBuilder.class]
2021-10-11 23:55:19 [ ClassPathScanningCandidateComponentProvider.java:447 ] - [ TRACE ] Ignored because not matching any filter: file [/Users/yiche/Code/JAVA/yzhou/rpc/yz-rpc/rpc-core/target/classes/com/yzhou/rpc/core/remoting/dto/RpcMessage$RpcMessageBuilder.class]
2021-10-11 23:55:19 [ ClassPathScanningCandidateComponentProvider.java:425 ] - [ TRACE ] Scanning file [/Users/yiche/Code/JAVA/yzhou/rpc/yz-rpc/rpc-core/target/classes/com/yzhou/rpc/core/remoting/dto/RpcMessage.class]
2021-10-11 23:55:19 [ ClassPathScanningCandidateComponentProvider.java:447 ] - [ TRACE ] Ignored because not matching any filter: file [/Users/yiche/Code/JAVA/yzhou/rpc/yz-rpc/rpc-core/target/classes/com/yzhou/rpc/core/remoting/dto/RpcMessage.class]
2021-10-11 23:55:19 [ ClassPathScanningCandidateComponentProvider.java:425 ] - [ TRACE ] Scanning file [/Users/yiche/Code/JAVA/yzhou/rpc/yz-rpc/rpc-core/target/classes/com/yzhou/rpc/core/remoting/dto/RpcRequest$RpcRequestBuilder.class]
2021-10-11 23:55:19 [ ClassPathScanningCandidateComponentProvider.java:447 ] - [ TRACE ] Ignored because not matching any filter: file [/Users/yiche/Code/JAVA/yzhou/rpc/yz-rpc/rpc-core/target/classes/com/yzhou/rpc/core/remoting/dto/RpcRequest$RpcRequestBuilder.class]
2021-10-11 23:55:19 [ ClassPathScanningCandidateComponentProvider.java:425 ] - [ TRACE ] Scanning file [/Users/yiche/Code/JAVA/yzhou/rpc/yz-rpc/rpc-core/target/classes/com/yzhou/rpc/core/remoting/dto/RpcRequest.class]
2021-10-11 23:55:19 [ ClassPathScanningCandidateComponentProvider.java:447 ] - [ TRACE ] Ignored because not matching any filter: file [/Users/yiche/Code/JAVA/yzhou/rpc/yz-rpc/rpc-core/target/classes/com/yzhou/rpc/core/remoting/dto/RpcRequest.class]
2021-10-11 23:55:19 [ ClassPathScanningCandidateComponentProvider.java:425 ] - [ TRACE ] Scanning file [/Users/yiche/Code/JAVA/yzhou/rpc/yz-rpc/rpc-core/target/classes/com/yzhou/rpc/core/remoting/dto/RpcResponse.class]
2021-10-11 23:55:19 [ ClassPathScanningCandidateComponentProvider.java:447 ] - [ TRACE ] Ignored because not matching any filter: file [/Users/yiche/Code/JAVA/yzhou/rpc/yz-rpc/rpc-core/target/classes/com/yzhou/rpc/core/remoting/dto/RpcResponse.class]
2021-10-11 23:55:19 [ ClassPathScanningCandidateComponentProvider.java:425 ] - [ TRACE ] Scanning file [/Users/yiche/Code/JAVA/yzhou/rpc/yz-rpc/rpc-core/target/classes/com/yzhou/rpc/core/remoting/handler/RpcRequestHandler.class]
2021-10-11 23:55:19 [ ClassPathScanningCandidateComponentProvider.java:447 ] - [ TRACE ] Ignored because not matching any filter: file [/Users/yiche/Code/JAVA/yzhou/rpc/yz-rpc/rpc-core/target/classes/com/yzhou/rpc/core/remoting/handler/RpcRequestHandler.class]
2021-10-11 23:55:19 [ ClassPathScanningCandidateComponentProvider.java:425 ] - [ TRACE ] Scanning file [/Users/yiche/Code/JAVA/yzhou/rpc/yz-rpc/rpc-core/target/classes/com/yzhou/rpc/core/remoting/transport/RpcRequestTransport.class]
2021-10-11 23:55:19 [ ClassPathScanningCandidateComponentProvider.java:447 ] - [ TRACE ] Ignored because not matching any filter: file [/Users/yiche/Code/JAVA/yzhou/rpc/yz-rpc/rpc-core/target/classes/com/yzhou/rpc/core/remoting/transport/RpcRequestTransport.class]
2021-10-11 23:55:19 [ ClassPathScanningCandidateComponentProvider.java:425 ] - [ TRACE ] Scanning file [/Users/yiche/Code/JAVA/yzhou/rpc/yz-rpc/rpc-core/target/classes/com/yzhou/rpc/core/remoting/transport/netty/client/ChannelProvider.class]
2021-10-11 23:55:19 [ ClassPathScanningCandidateComponentProvider.java:447 ] - [ TRACE ] Ignored because not matching any filter: file [/Users/yiche/Code/JAVA/yzhou/rpc/yz-rpc/rpc-core/target/classes/com/yzhou/rpc/core/remoting/transport/netty/client/ChannelProvider.class]
2021-10-11 23:55:19 [ ClassPathScanningCandidateComponentProvider.java:425 ] - [ TRACE ] Scanning file [/Users/yiche/Code/JAVA/yzhou/rpc/yz-rpc/rpc-core/target/classes/com/yzhou/rpc/core/remoting/transport/netty/client/NettyRpcClient$1.class]
2021-10-11 23:55:19 [ ClassPathScanningCandidateComponentProvider.java:447 ] - [ TRACE ] Ignored because not matching any filter: file [/Users/yiche/Code/JAVA/yzhou/rpc/yz-rpc/rpc-core/target/classes/com/yzhou/rpc/core/remoting/transport/netty/client/NettyRpcClient$1.class]
2021-10-11 23:55:19 [ ClassPathScanningCandidateComponentProvider.java:425 ] - [ TRACE ] Scanning file [/Users/yiche/Code/JAVA/yzhou/rpc/yz-rpc/rpc-core/target/classes/com/yzhou/rpc/core/remoting/transport/netty/client/NettyRpcClient.class]
2021-10-11 23:55:19 [ ClassPathScanningCandidateComponentProvider.java:447 ] - [ TRACE ] Ignored because not matching any filter: file [/Users/yiche/Code/JAVA/yzhou/rpc/yz-rpc/rpc-core/target/classes/com/yzhou/rpc/core/remoting/transport/netty/client/NettyRpcClient.class]
2021-10-11 23:55:19 [ ClassPathScanningCandidateComponentProvider.java:425 ] - [ TRACE ] Scanning file [/Users/yiche/Code/JAVA/yzhou/rpc/yz-rpc/rpc-core/target/classes/com/yzhou/rpc/core/remoting/transport/netty/client/NettyRpcClientHandler.class]
2021-10-11 23:55:19 [ ClassPathScanningCandidateComponentProvider.java:447 ] - [ TRACE ] Ignored because not matching any filter: file [/Users/yiche/Code/JAVA/yzhou/rpc/yz-rpc/rpc-core/target/classes/com/yzhou/rpc/core/remoting/transport/netty/client/NettyRpcClientHandler.class]
2021-10-11 23:55:19 [ ClassPathScanningCandidateComponentProvider.java:425 ] - [ TRACE ] Scanning file [/Users/yiche/Code/JAVA/yzhou/rpc/yz-rpc/rpc-core/target/classes/com/yzhou/rpc/core/remoting/transport/netty/client/UnprocessedRequests.class]
2021-10-11 23:55:19 [ ClassPathScanningCandidateComponentProvider.java:447 ] - [ TRACE ] Ignored because not matching any filter: file [/Users/yiche/Code/JAVA/yzhou/rpc/yz-rpc/rpc-core/target/classes/com/yzhou/rpc/core/remoting/transport/netty/client/UnprocessedRequests.class]
2021-10-11 23:55:19 [ ClassPathScanningCandidateComponentProvider.java:425 ] - [ TRACE ] Scanning file [/Users/yiche/Code/JAVA/yzhou/rpc/yz-rpc/rpc-core/target/classes/com/yzhou/rpc/core/remoting/transport/netty/codec/RpcMessageDecoder.class]
2021-10-11 23:55:19 [ ClassPathScanningCandidateComponentProvider.java:447 ] - [ TRACE ] Ignored because not matching any filter: file [/Users/yiche/Code/JAVA/yzhou/rpc/yz-rpc/rpc-core/target/classes/com/yzhou/rpc/core/remoting/transport/netty/codec/RpcMessageDecoder.class]
2021-10-11 23:55:19 [ ClassPathScanningCandidateComponentProvider.java:425 ] - [ TRACE ] Scanning file [/Users/yiche/Code/JAVA/yzhou/rpc/yz-rpc/rpc-core/target/classes/com/yzhou/rpc/core/remoting/transport/netty/codec/RpcMessageEncoder.class]
2021-10-11 23:55:19 [ ClassPathScanningCandidateComponentProvider.java:447 ] - [ TRACE ] Ignored because not matching any filter: file [/Users/yiche/Code/JAVA/yzhou/rpc/yz-rpc/rpc-core/target/classes/com/yzhou/rpc/core/remoting/transport/netty/codec/RpcMessageEncoder.class]
2021-10-11 23:55:19 [ ClassPathScanningCandidateComponentProvider.java:425 ] - [ TRACE ] Scanning file [/Users/yiche/Code/JAVA/yzhou/rpc/yz-rpc/rpc-core/target/classes/com/yzhou/rpc/core/remoting/transport/netty/server/NettyRpcServer$1.class]
2021-10-11 23:55:19 [ ClassPathScanningCandidateComponentProvider.java:447 ] - [ TRACE ] Ignored because not matching any filter: file [/Users/yiche/Code/JAVA/yzhou/rpc/yz-rpc/rpc-core/target/classes/com/yzhou/rpc/core/remoting/transport/netty/server/NettyRpcServer$1.class]
2021-10-11 23:55:19 [ ClassPathScanningCandidateComponentProvider.java:425 ] - [ TRACE ] Scanning file [/Users/yiche/Code/JAVA/yzhou/rpc/yz-rpc/rpc-core/target/classes/com/yzhou/rpc/core/remoting/transport/netty/server/NettyRpcServer.class]
2021-10-11 23:55:19 [ ClassPathScanningCandidateComponentProvider.java:425 ] - [ TRACE ] Scanning file [/Users/yiche/Code/JAVA/yzhou/rpc/yz-rpc/rpc-core/target/classes/com/yzhou/rpc/core/remoting/transport/netty/server/NettyRpcServerHandler.class]
2021-10-11 23:55:19 [ ClassPathScanningCandidateComponentProvider.java:447 ] - [ TRACE ] Ignored because not matching any filter: file [/Users/yiche/Code/JAVA/yzhou/rpc/yz-rpc/rpc-core/target/classes/com/yzhou/rpc/core/remoting/transport/netty/server/NettyRpcServerHandler.class]
2021-10-11 23:55:19 [ ClassPathScanningCandidateComponentProvider.java:425 ] - [ TRACE ] Scanning file [/Users/yiche/Code/JAVA/yzhou/rpc/yz-rpc/rpc-core/target/classes/com/yzhou/rpc/core/serialize/Serializer.class]
2021-10-11 23:55:19 [ ClassPathScanningCandidateComponentProvider.java:447 ] - [ TRACE ] Ignored because not matching any filter: file [/Users/yiche/Code/JAVA/yzhou/rpc/yz-rpc/rpc-core/target/classes/com/yzhou/rpc/core/serialize/Serializer.class]
2021-10-11 23:55:19 [ ClassPathScanningCandidateComponentProvider.java:425 ] - [ TRACE ] Scanning file [/Users/yiche/Code/JAVA/yzhou/rpc/yz-rpc/rpc-core/target/classes/com/yzhou/rpc/core/serialize/kyro/KryoSerializer.class]
2021-10-11 23:55:19 [ ClassPathScanningCandidateComponentProvider.java:447 ] - [ TRACE ] Ignored because not matching any filter: file [/Users/yiche/Code/JAVA/yzhou/rpc/yz-rpc/rpc-core/target/classes/com/yzhou/rpc/core/serialize/kyro/KryoSerializer.class]
2021-10-11 23:55:19 [ ClassPathScanningCandidateComponentProvider.java:425 ] - [ TRACE ] Scanning file [/Users/yiche/Code/JAVA/yzhou/rpc/yz-rpc/rpc-core/target/classes/com/yzhou/rpc/core/serialize/protostuff/ProtostuffSerializer.class]
2021-10-11 23:55:19 [ ClassPathScanningCandidateComponentProvider.java:447 ] - [ TRACE ] Ignored because not matching any filter: file [/Users/yiche/Code/JAVA/yzhou/rpc/yz-rpc/rpc-core/target/classes/com/yzhou/rpc/core/serialize/protostuff/ProtostuffSerializer.class]
2021-10-11 23:55:19 [ ClassPathScanningCandidateComponentProvider.java:425 ] - [ TRACE ] Scanning file [/Users/yiche/Code/JAVA/yzhou/rpc/yz-rpc/rpc-core/target/classes/com/yzhou/rpc/core/spring/CustomScanner.class]
2021-10-11 23:55:19 [ ClassPathScanningCandidateComponentProvider.java:447 ] - [ TRACE ] Ignored because not matching any filter: file [/Users/yiche/Code/JAVA/yzhou/rpc/yz-rpc/rpc-core/target/classes/com/yzhou/rpc/core/spring/CustomScanner.class]
2021-10-11 23:55:19 [ ClassPathScanningCandidateComponentProvider.java:425 ] - [ TRACE ] Scanning file [/Users/yiche/Code/JAVA/yzhou/rpc/yz-rpc/rpc-core/target/classes/com/yzhou/rpc/core/spring/CustomScannerRegistrar.class]
2021-10-11 23:55:19 [ ClassPathScanningCandidateComponentProvider.java:447 ] - [ TRACE ] Ignored because not matching any filter: file [/Users/yiche/Code/JAVA/yzhou/rpc/yz-rpc/rpc-core/target/classes/com/yzhou/rpc/core/spring/CustomScannerRegistrar.class]
2021-10-11 23:55:19 [ ClassPathScanningCandidateComponentProvider.java:425 ] - [ TRACE ] Scanning file [/Users/yiche/Code/JAVA/yzhou/rpc/yz-rpc/rpc-core/target/classes/com/yzhou/rpc/core/spring/SpringBeanPostProcessor.class]
2021-10-11 23:55:19 [ ClassPathScanningCandidateComponentProvider.java:425 ] - [ TRACE ] Scanning file [/Users/yiche/Code/JAVA/yzhou/rpc/yz-rpc/rpc-common/target/classes/com/yzhou/rpc/common/enums/CompressTypeEnum.class]
2021-10-11 23:55:19 [ ClassPathScanningCandidateComponentProvider.java:447 ] - [ TRACE ] Ignored because not matching any filter: file [/Users/yiche/Code/JAVA/yzhou/rpc/yz-rpc/rpc-common/target/classes/com/yzhou/rpc/common/enums/CompressTypeEnum.class]
2021-10-11 23:55:19 [ ClassPathScanningCandidateComponentProvider.java:425 ] - [ TRACE ] Scanning file [/Users/yiche/Code/JAVA/yzhou/rpc/yz-rpc/rpc-common/target/classes/com/yzhou/rpc/common/enums/RpcConfigEnum.class]
2021-10-11 23:55:19 [ ClassPathScanningCandidateComponentProvider.java:447 ] - [ TRACE ] Ignored because not matching any filter: file [/Users/yiche/Code/JAVA/yzhou/rpc/yz-rpc/rpc-common/target/classes/com/yzhou/rpc/common/enums/RpcConfigEnum.class]
2021-10-11 23:55:19 [ ClassPathScanningCandidateComponentProvider.java:425 ] - [ TRACE ] Scanning file [/Users/yiche/Code/JAVA/yzhou/rpc/yz-rpc/rpc-common/target/classes/com/yzhou/rpc/common/enums/RpcErrorMessageEnum.class]
2021-10-11 23:55:19 [ ClassPathScanningCandidateComponentProvider.java:447 ] - [ TRACE ] Ignored because not matching any filter: file [/Users/yiche/Code/JAVA/yzhou/rpc/yz-rpc/rpc-common/target/classes/com/yzhou/rpc/common/enums/RpcErrorMessageEnum.class]
2021-10-11 23:55:19 [ ClassPathScanningCandidateComponentProvider.java:425 ] - [ TRACE ] Scanning file [/Users/yiche/Code/JAVA/yzhou/rpc/yz-rpc/rpc-common/target/classes/com/yzhou/rpc/common/enums/RpcResponseCodeEnum.class]
2021-10-11 23:55:19 [ ClassPathScanningCandidateComponentProvider.java:447 ] - [ TRACE ] Ignored because not matching any filter: file [/Users/yiche/Code/JAVA/yzhou/rpc/yz-rpc/rpc-common/target/classes/com/yzhou/rpc/common/enums/RpcResponseCodeEnum.class]
2021-10-11 23:55:19 [ ClassPathScanningCandidateComponentProvider.java:425 ] - [ TRACE ] Scanning file [/Users/yiche/Code/JAVA/yzhou/rpc/yz-rpc/rpc-common/target/classes/com/yzhou/rpc/common/enums/SerializationTypeEnum.class]
2021-10-11 23:55:19 [ ClassPathScanningCandidateComponentProvider.java:447 ] - [ TRACE ] Ignored because not matching any filter: file [/Users/yiche/Code/JAVA/yzhou/rpc/yz-rpc/rpc-common/target/classes/com/yzhou/rpc/common/enums/SerializationTypeEnum.class]
2021-10-11 23:55:19 [ ClassPathScanningCandidateComponentProvider.java:425 ] - [ TRACE ] Scanning file [/Users/yiche/Code/JAVA/yzhou/rpc/yz-rpc/rpc-common/target/classes/com/yzhou/rpc/common/exception/RpcException.class]
2021-10-11 23:55:19 [ ClassPathScanningCandidateComponentProvider.java:447 ] - [ TRACE ] Ignored because not matching any filter: file [/Users/yiche/Code/JAVA/yzhou/rpc/yz-rpc/rpc-common/target/classes/com/yzhou/rpc/common/exception/RpcException.class]
2021-10-11 23:55:19 [ ClassPathScanningCandidateComponentProvider.java:425 ] - [ TRACE ] Scanning file [/Users/yiche/Code/JAVA/yzhou/rpc/yz-rpc/rpc-common/target/classes/com/yzhou/rpc/common/exception/SerializeException.class]
2021-10-11 23:55:19 [ ClassPathScanningCandidateComponentProvider.java:447 ] - [ TRACE ] Ignored because not matching any filter: file [/Users/yiche/Code/JAVA/yzhou/rpc/yz-rpc/rpc-common/target/classes/com/yzhou/rpc/common/exception/SerializeException.class]
2021-10-11 23:55:19 [ ClassPathScanningCandidateComponentProvider.java:425 ] - [ TRACE ] Scanning file [/Users/yiche/Code/JAVA/yzhou/rpc/yz-rpc/rpc-common/target/classes/com/yzhou/rpc/common/extension/ExtensionLoader.class]
2021-10-11 23:55:19 [ ClassPathScanningCandidateComponentProvider.java:447 ] - [ TRACE ] Ignored because not matching any filter: file [/Users/yiche/Code/JAVA/yzhou/rpc/yz-rpc/rpc-common/target/classes/com/yzhou/rpc/common/extension/ExtensionLoader.class]
2021-10-11 23:55:19 [ ClassPathScanningCandidateComponentProvider.java:425 ] - [ TRACE ] Scanning file [/Users/yiche/Code/JAVA/yzhou/rpc/yz-rpc/rpc-common/target/classes/com/yzhou/rpc/common/extension/Holder.class]
2021-10-11 23:55:19 [ ClassPathScanningCandidateComponentProvider.java:447 ] - [ TRACE ] Ignored because not matching any filter: file [/Users/yiche/Code/JAVA/yzhou/rpc/yz-rpc/rpc-common/target/classes/com/yzhou/rpc/common/extension/Holder.class]
2021-10-11 23:55:19 [ ClassPathScanningCandidateComponentProvider.java:425 ] - [ TRACE ] Scanning file [/Users/yiche/Code/JAVA/yzhou/rpc/yz-rpc/rpc-common/target/classes/com/yzhou/rpc/common/extension/SPI.class]
2021-10-11 23:55:19 [ ClassPathScanningCandidateComponentProvider.java:447 ] - [ TRACE ] Ignored because not matching any filter: file [/Users/yiche/Code/JAVA/yzhou/rpc/yz-rpc/rpc-common/target/classes/com/yzhou/rpc/common/extension/SPI.class]
2021-10-11 23:55:19 [ ClassPathScanningCandidateComponentProvider.java:425 ] - [ TRACE ] Scanning file [/Users/yiche/Code/JAVA/yzhou/rpc/yz-rpc/rpc-common/target/classes/com/yzhou/rpc/common/factory/SingletonFactory.class]
2021-10-11 23:55:19 [ ClassPathScanningCandidateComponentProvider.java:447 ] - [ TRACE ] Ignored because not matching any filter: file [/Users/yiche/Code/JAVA/yzhou/rpc/yz-rpc/rpc-common/target/classes/com/yzhou/rpc/common/factory/SingletonFactory.class]
2021-10-11 23:55:19 [ ClassPathScanningCandidateComponentProvider.java:425 ] - [ TRACE ] Scanning file [/Users/yiche/Code/JAVA/yzhou/rpc/yz-rpc/rpc-common/target/classes/com/yzhou/rpc/common/utils/PropertiesFileUtil.class]
2021-10-11 23:55:19 [ ClassPathScanningCandidateComponentProvider.java:447 ] - [ TRACE ] Ignored because not matching any filter: file [/Users/yiche/Code/JAVA/yzhou/rpc/yz-rpc/rpc-common/target/classes/com/yzhou/rpc/common/utils/PropertiesFileUtil.class]
2021-10-11 23:55:19 [ ClassPathScanningCandidateComponentProvider.java:425 ] - [ TRACE ] Scanning file [/Users/yiche/Code/JAVA/yzhou/rpc/yz-rpc/rpc-common/target/classes/com/yzhou/rpc/common/utils/RuntimeUtil.class]
2021-10-11 23:55:19 [ ClassPathScanningCandidateComponentProvider.java:447 ] - [ TRACE ] Ignored because not matching any filter: file [/Users/yiche/Code/JAVA/yzhou/rpc/yz-rpc/rpc-common/target/classes/com/yzhou/rpc/common/utils/RuntimeUtil.class]
2021-10-11 23:55:19 [ ClassPathScanningCandidateComponentProvider.java:425 ] - [ TRACE ] Scanning file [/Users/yiche/Code/JAVA/yzhou/rpc/yz-rpc/rpc-common/target/classes/com/yzhou/rpc/common/utils/concurrent/threadpool/CustomThreadPoolConfig.class]
2021-10-11 23:55:19 [ ClassPathScanningCandidateComponentProvider.java:447 ] - [ TRACE ] Ignored because not matching any filter: file [/Users/yiche/Code/JAVA/yzhou/rpc/yz-rpc/rpc-common/target/classes/com/yzhou/rpc/common/utils/concurrent/threadpool/CustomThreadPoolConfig.class]
2021-10-11 23:55:19 [ ClassPathScanningCandidateComponentProvider.java:425 ] - [ TRACE ] Scanning file [/Users/yiche/Code/JAVA/yzhou/rpc/yz-rpc/rpc-common/target/classes/com/yzhou/rpc/common/utils/concurrent/threadpool/ThreadPoolFactoryUtils.class]
2021-10-11 23:55:19 [ ClassPathScanningCandidateComponentProvider.java:447 ] - [ TRACE ] Ignored because not matching any filter: file [/Users/yiche/Code/JAVA/yzhou/rpc/yz-rpc/rpc-common/target/classes/com/yzhou/rpc/common/utils/concurrent/threadpool/ThreadPoolFactoryUtils.class]
2021-10-11 23:55:19 [ NioEventLoop.java:260 ] - [ TRACE ] instrumented a special java.util.Set into: sun.nio.ch.KQueueSelectorImpl@4215838f
2021-10-11 23:55:19 [ NioEventLoop.java:260 ] - [ TRACE ] instrumented a special java.util.Set into: sun.nio.ch.KQueueSelectorImpl@f9d87b
2021-10-11 23:55:19 [ NioEventLoop.java:260 ] - [ TRACE ] instrumented a special java.util.Set into: sun.nio.ch.KQueueSelectorImpl@6ffab045
2021-10-11 23:55:19 [ NioEventLoop.java:260 ] - [ TRACE ] instrumented a special java.util.Set into: sun.nio.ch.KQueueSelectorImpl@26fb628
2021-10-11 23:55:19 [ NioEventLoop.java:260 ] - [ TRACE ] instrumented a special java.util.Set into: sun.nio.ch.KQueueSelectorImpl@3e2943ab
2021-10-11 23:55:19 [ NioEventLoop.java:260 ] - [ TRACE ] instrumented a special java.util.Set into: sun.nio.ch.KQueueSelectorImpl@70dd7e15
2021-10-11 23:55:19 [ NioEventLoop.java:260 ] - [ TRACE ] instrumented a special java.util.Set into: sun.nio.ch.KQueueSelectorImpl@4a9f80d3
2021-10-11 23:55:19 [ NioEventLoop.java:260 ] - [ TRACE ] instrumented a special java.util.Set into: sun.nio.ch.KQueueSelectorImpl@35beb15e
2021-10-11 23:55:19 [ NioEventLoop.java:260 ] - [ TRACE ] instrumented a special java.util.Set into: sun.nio.ch.KQueueSelectorImpl@41fe9859
2021-10-11 23:55:19 [ NioEventLoop.java:260 ] - [ TRACE ] instrumented a special java.util.Set into: sun.nio.ch.KQueueSelectorImpl@5ac86ba5
2021-10-11 23:55:19 [ NioEventLoop.java:260 ] - [ TRACE ] instrumented a special java.util.Set into: sun.nio.ch.KQueueSelectorImpl@6c67e137
2021-10-11 23:55:19 [ NioEventLoop.java:260 ] - [ TRACE ] instrumented a special java.util.Set into: sun.nio.ch.KQueueSelectorImpl@2c9399a4
2021-10-11 23:55:19 [ NioEventLoop.java:260 ] - [ TRACE ] instrumented a special java.util.Set into: sun.nio.ch.KQueueSelectorImpl@191ae03f
2021-10-11 23:55:19 [ NioEventLoop.java:260 ] - [ TRACE ] instrumented a special java.util.Set into: sun.nio.ch.KQueueSelectorImpl@9635fa
2021-10-11 23:55:19 [ NioEventLoop.java:260 ] - [ TRACE ] instrumented a special java.util.Set into: sun.nio.ch.KQueueSelectorImpl@53ab0286
2021-10-11 23:55:19 [ NioEventLoop.java:260 ] - [ TRACE ] instrumented a special java.util.Set into: sun.nio.ch.KQueueSelectorImpl@63c5efee
2021-10-11 23:55:19 [ ClientCnxnSocket.java:133 ] - [ TRACE ] readConnectResult 37 0x[0,0,0,0,0,0,ffffff9c,40,1,0,0,0,4e,44,0,c,0,0,0,10,63,37,71,f,ffffffb3,ffffff88,ffffff95,2b,b,ffffff90,1c,fffffff1,20,ffffffb2,ffffffbd,fffffff0,0,]
2021-10-11 23:55:19 [ DefaultTracerDriver.java:47 ] - [ TRACE ] Counter SyncConnected: 1
2021-10-11 23:55:19 [ DefaultTracerDriver.java:38 ] - [ TRACE ] Trace: connection-state-parent-process - 4 ms
2021-10-11 23:55:19 [ DefaultTracerDriver.java:38 ] - [ TRACE ] Trace: GetDataBuilderImpl-Background - 13 ms
2021-10-11 23:55:19 [ DefaultTracerDriver.java:38 ] - [ TRACE ] Trace: GetDataBuilderImpl-Background - 15 ms
2021-10-11 23:55:19 [ DefaultTracerDriver.java:38 ] - [ TRACE ] Trace: ExistsBuilderImpl-Foreground - 4 ms
2021-10-11 23:55:19 [ DefaultTracerDriver.java:38 ] - [ TRACE ] Trace: CreateBuilderImpl-Foreground - 38 ms
2021-10-11 23:55:19 [ DefaultTracerDriver.java:38 ] - [ TRACE ] Trace: ExistsBuilderImpl-Foreground - 3 ms
2021-10-11 23:55:19 [ DefaultTracerDriver.java:38 ] - [ TRACE ] Trace: CreateBuilderImpl-Foreground - 4 ms
2021-10-11 23:55:19 [ NioEventLoop.java:260 ] - [ TRACE ] instrumented a special java.util.Set into: sun.nio.ch.KQueueSelectorImpl@4a699efa
2021-10-11 23:55:19 [ NioEventLoop.java:260 ] - [ TRACE ] instrumented a special java.util.Set into: sun.nio.ch.KQueueSelectorImpl@4905c46b
2021-10-11 23:55:19 [ NioEventLoop.java:260 ] - [ TRACE ] instrumented a special java.util.Set into: sun.nio.ch.KQueueSelectorImpl@17ae7628
2021-10-11 23:55:19 [ NioEventLoop.java:260 ] - [ TRACE ] instrumented a special java.util.Set into: sun.nio.ch.KQueueSelectorImpl@1136b469
2021-10-11 23:55:19 [ NioEventLoop.java:260 ] - [ TRACE ] instrumented a special java.util.Set into: sun.nio.ch.KQueueSelectorImpl@6579c3d9
2021-10-11 23:55:19 [ NioEventLoop.java:260 ] - [ TRACE ] instrumented a special java.util.Set into: sun.nio.ch.KQueueSelectorImpl@2b87581
2021-10-11 23:55:19 [ NioEventLoop.java:260 ] - [ TRACE ] instrumented a special java.util.Set into: sun.nio.ch.KQueueSelectorImpl@66434cc8
2021-10-11 23:55:19 [ NioEventLoop.java:260 ] - [ TRACE ] instrumented a special java.util.Set into: sun.nio.ch.KQueueSelectorImpl@42f22995
2021-10-11 23:55:19 [ NioEventLoop.java:260 ] - [ TRACE ] instrumented a special java.util.Set into: sun.nio.ch.KQueueSelectorImpl@693e4d19
2021-10-11 23:55:19 [ NioEventLoop.java:260 ] - [ TRACE ] instrumented a special java.util.Set into: sun.nio.ch.KQueueSelectorImpl@286b39c2
2021-10-11 23:55:19 [ NioEventLoop.java:260 ] - [ TRACE ] instrumented a special java.util.Set into: sun.nio.ch.KQueueSelectorImpl@5432050b
2021-10-11 23:55:19 [ NioEventLoop.java:260 ] - [ TRACE ] instrumented a special java.util.Set into: sun.nio.ch.KQueueSelectorImpl@75f2099
2021-10-11 23:55:19 [ NioEventLoop.java:260 ] - [ TRACE ] instrumented a special java.util.Set into: sun.nio.ch.KQueueSelectorImpl@1c12f3ee
2021-10-11 23:55:19 [ NioEventLoop.java:260 ] - [ TRACE ] instrumented a special java.util.Set into: sun.nio.ch.KQueueSelectorImpl@6d467c87
2021-10-11 23:55:19 [ NioEventLoop.java:260 ] - [ TRACE ] instrumented a special java.util.Set into: sun.nio.ch.KQueueSelectorImpl@29182679
2021-10-11 23:55:19 [ NioEventLoop.java:260 ] - [ TRACE ] instrumented a special java.util.Set into: sun.nio.ch.KQueueSelectorImpl@57bd802b
2021-10-11 23:55:19 [ NioEventLoop.java:260 ] - [ TRACE ] instrumented a special java.util.Set into: sun.nio.ch.KQueueSelectorImpl@5cbb84b1
